<?xml version="1.0" encoding="UTF-8"?>
<!-- Generated by org.testng.reporters.JUnitXMLReporter -->
<testsuite hostname="LAPTOP-5COFNKBT" failures="0" tests="4" name="MYTestGRoup" time="43.399" errors="0" timestamp="6 Aug 2024 11:34:11 GMT">
  <testcase classname="com.nt.scripts.LoginFunction" name="loginFun" time="1.492"/>
  <testcase classname="com.nt.scripts.AddEmployee" name="addEmp" time="5.202"/>
  <testcase classname="com.nt.scripts.SearchEmployee" name="searchEmployee" time="0.947"/>
  <testcase classname="com.nt.scripts.DeleteEmployee" name="deleteEmp" time="1.787"/>
</testsuite> <!-- MYTestGRoup -->
