<?xml version="1.0" encoding="UTF-8"?>
<!-- Generated by org.testng.reporters.JUnitXMLReporter -->
<testsuite hostname="LAPTOP-5COFNKBT" failures="0" tests="4" name="ORMS_As_suite" time="91.008" errors="0" timestamp="1 Apr 2024 15:56:37 GMT">
  <testcase classname="com.hrms.as.TC001_Login_Logout" name="Login" time="21.163"/>
  <testcase classname="com.hrms.as.TC002_AddEmployee" name="AddEmp" time="17.195"/>
  <testcase classname="com.hrms.as.TC003_DeleteEmployee" name="del_Emp" time="20.935"/>
  <testcase classname="com.hrms.as.TC004_EditEmployee" name="edit" time="31.699"/>
</testsuite> <!-- ORMS_As_suite -->
