<?xml version="1.0" encoding="UTF-8"?>
<!-- Generated by org.testng.reporters.JUnitXMLReporter -->
<testsuite hostname="LAPTOP-5COFNKBT" failures="4" tests="4" name="ORMS_As_suite" time="32.374" errors="0" timestamp="1 Apr 2024 15:50:45 GMT">
  <testcase classname="com.hrms.asc.TC001_Login_Logout" name="Login" time="7.222">
    <failure type="java.lang.StackOverflowError">
      <![CDATA[java.lang.StackOverflowError
	at com.hrms.utility.Log.info(Log.java:8)
	at com.hrms.utility.Log.info(Log.java:8)
	at com.hrms.utility.Log.info(Log.java:8)
	at com.hrms.utility.Log.info(Log.java:8)
	at com.hrms.utility.Log.info(Log.java:8)
	at com.hrms.utility.Log.info(Log.java:8)
	at com.hrms.utility.Log.info(Log.java:8)
	at com.hrms.utility.Log.info(Log.java:8)
	at com.hrms.utility.Log.info(Log.java:8)
	at com.hrms.utility.Log.info(Log.java:8)
	at com.hrms.utility.Log.info(Log.java:8)
	at com.hrms.utility.Log.info(Log.java:8)
	at com.hrms.utility.Log.info(Log.java:8)
	at com.hrms.utility.Log.info(Log.java:8)
	at com.hrms.utility.Log.info(Log.java:8)
	at com.hrms.utility.Log.info(Log.java:8)
	at com.hrms.utility.Log.info(Log.java:8)
	at com.hrms.utility.Log.info(Log.java:8)
	at com.hrms.utility.Log.info(Log.java:8)
	at com.hrms.utility.Log.info(Log.java:8)
	at com.hrms.utility.Log.info(Log.java:8)
	at com.hrms.utility.Log.info(Log.java:8)
	at com.hrms.utility.Log.info(Log.java:8)
	at com.hrms.utility.Log.info(Log.java:8)
	at com.hrms.utility.Log.info(Log.java:8)
	at com.hrms.utility.Log.info(Log.java:8)
	at com.hrms.utility.Log.info(Log.java:8)
	at com.hrms.utility.Log.info(Log.java:8)
	at com.hrms.utility.Log.info(Log.java:8)
	at com.hrms.utility.Log.info(Log.java:8)
	at com.hrms.utility.Log.info(Log.java:8)
	at com.hrms.utility.Log.info(Log.java:8)
	at com.hrms.utility.Log.info(Log.java:8)
	at com.hrms.utility.Log.info(Log.java:8)
	at com.hrms.utility.Log.info(Log.java:8)
	at com.hrms.utility.Log.info(Log.java:8)
	at com.hrms.utility.Log.info(Log.java:8)
	at com.hrms.utility.Log.info(Log.java:8)
	at com.hrms.utility.Log.info(Log.java:8)
	at com.hrms.utility.Log.info(Log.java:8)
	at com.hrms.utility.Log.info(Log.java:8)
	at com.hrms.utility.Log.info(Log.java:8)
	at com.hrms.utility.Log.info(Log.java:8)
	at com.hrms.utility.Log.info(Log.java:8)
	at com.hrms.utility.Log.info(Log.java:8)
	at com.hrms.utility.Log.info(Log.java:8)
	at com.hrms.utility.Log.info(Log.java:8)
	at com.hrms.utility.Log.info(Log.java:8)
	at com.hrms.utility.Log.info(Log.java:8)
	at com.hrms.utility.Log.info(Log.java:8)
	at com.hrms.utility.Log.info(Log.java:8)
	at com.hrms.utility.Log.info(Log.java:8)
	at com.hrms.utility.Log.info(Log.java:8)
	at com.hrms.utility.Log.info(Log.java:8)
	at com.hrms.utility.Log.info(Log.java:8)
	at com.hrms.utility.Log.info(Log.java:8)
	at com.hrms.utility.Log.info(Log.java:8)
	at com.hrms.utility.Log.info(Log.java:8)
	at com.hrms.utility.Log.info(Log.java:8)
	at com.hrms.utility.Log.info(Log.java:8)
	at com.hrms.utility.Log.info(Log.java:8)
	at com.hrms.utility.Log.info(Log.java:8)
	at com.hrms.utility.Log.info(Log.java:8)
	at com.hrms.utility.Log.info(Log.java:8)
	at com.hrms.utility.Log.info(Log.java:8)
	at com.hrms.utility.Log.info(Log.java:8)
	at com.hrms.utility.Log.info(Log.java:8)
	at com.hrms.utility.Log.info(Log.java:8)
	at com.hrms.utility.Log.info(Log.java:8)
	at com.hrms.utility.Log.info(Log.java:8)
	at com.hrms.utility.Log.info(Log.java:8)
	at com.hrms.utility.Log.info(Log.java:8)
	at com.hrms.utility.Log.info(Log.java:8)
	at com.hrms.utility.Log.info(Log.java:8)
	at com.hrms.utility.Log.info(Log.java:8)
	at com.hrms.utility.Log.info(Log.java:8)
	at com.hrms.utility.Log.info(Log.java:8)
	at com.hrms.utility.Log.info(Log.java:8)
	at com.hrms.utility.Log.info(Log.java:8)
	at com.hrms.utility.Log.info(Log.java:8)
	at com.hrms.utility.Log.info(Log.java:8)
	at com.hrms.utility.Log.info(Log.java:8)
	at com.hrms.utility.Log.info(Log.java:8)
	at com.hrms.utility.Log.info(Log.java:8)
	at com.hrms.utility.Log.info(Log.java:8)
	at com.hrms.utility.Log.info(Log.java:8)
	at com.hrms.utility.Log.info(Log.java:8)
	at com.hrms.utility.Log.info(Log.java:8)
	at com.hrms.utility.Log.info(Log.java:8)
	at com.hrms.utility.Log.info(Log.java:8)
	at com.hrms.utility.Log.info(Log.java:8)
	at com.hrms.utility.Log.info(Log.java:8)
	at com.hrms.utility.Log.info(Log.java:8)
	at com.hrms.utility.Log.info(Log.java:8)
	at com.hrms.utility.Log.info(Log.java:8)
	at com.hrms.utility.Log.info(Log.java:8)
	at com.hrms.utility.Log.info(Log.java:8)
	at com.hrms.utility.Log.info(Log.java:8)
	at com.hrms.utility.Log.info(Log.java:8)
	at com.hrms.utility.Log.info(Log.java:8)
	at com.hrms.utility.Log.info(Log.java:8)
	at com.hrms.utility.Log.info(Log.java:8)
	at com.hrms.utility.Log.info(Log.java:8)
	at com.hrms.utility.Log.info(Log.java:8)
	at com.hrms.utility.Log.info(Log.java:8)
	at com.hrms.utility.Log.info(Log.java:8)
	at com.hrms.utility.Log.info(Log.java:8)
	at com.hrms.utility.Log.info(Log.java:8)
	at com.hrms.utility.Log.info(Log.java:8)
	at com.hrms.utility.Log.info(Log.java:8)
	at com.hrms.utility.Log.info(Log.java:8)
	at com.hrms.utility.Log.info(Log.java:8)
	at com.hrms.utility.Log.info(Log.java:8)
	at com.hrms.utility.Log.info(Log.java:8)
	at com.hrms.utility.Log.info(Log.java:8)
	at com.hrms.utility.Log.info(Log.java:8)
	at com.hrms.utility.Log.info(Log.java:8)
	at com.hrms.utility.Log.info(Log.java:8)
	at com.hrms.utility.Log.info(Log.java:8)
	at com.hrms.utility.Log.info(Log.java:8)
	at com.hrms.utility.Log.info(Log.java:8)
	at com.hrms.utility.Log.info(Log.java:8)
	at com.hrms.utility.Log.info(Log.java:8)
	at com.hrms.utility.Log.info(Log.java:8)
	at com.hrms.utility.Log.info(Log.java:8)
	at com.hrms.utility.Log.info(Log.java:8)
	at com.hrms.utility.Log.info(Log.java:8)
	at com.hrms.utility.Log.info(Log.java:8)
	at com.hrms.utility.Log.info(Log.java:8)
	at com.hrms.utility.Log.info(Log.java:8)
	at com.hrms.utility.Log.info(Log.java:8)
	at com.hrms.utility.Log.info(Log.java:8)
	at com.hrms.utility.Log.info(Log.java:8)
	at com.hrms.utility.Log.info(Log.java:8)
	at com.hrms.utility.Log.info(Log.java:8)
	at com.hrms.utility.Log.info(Log.java:8)
	at com.hrms.utility.Log.info(Log.java:8)
	at com.hrms.utility.Log.info(Log.java:8)
	at com.hrms.utility.Log.info(Log.java:8)
	at com.hrms.utility.Log.info(Log.java:8)
	at com.hrms.utility.Log.info(Log.java:8)
	at com.hrms.utility.Log.info(Log.java:8)
	at com.hrms.utility.Log.info(Log.java:8)
	at com.hrms.utility.Log.info(Log.java:8)
	at com.hrms.utility.Log.info(Log.java:8)
	at com.hrms.utility.Log.info(Log.java:8)
	at com.hrms.utility.Log.info(Log.java:8)
	at com.hrms.utility.Log.info(Log.java:8)
	at com.hrms.utility.Log.info(Log.java:8)
	at com.hrms.utility.Log.info(Log.java:8)
	at com.hrms.utility.Log.info(Log.java:8)
	at com.hrms.utility.Log.info(Log.java:8)
	at com.hrms.utility.Log.info(Log.java:8)
	at com.hrms.utility.Log.info(Log.java:8)
	at com.hrms.utility.Log.info(Log.java:8)
	at com.hrms.utility.Log.info(Log.java:8)
	at com.hrms.utility.Log.info(Log.java:8)
	at com.hrms.utility.Log.info(Log.java:8)
	at com.hrms.utility.Log.info(Log.java:8)
	at com.hrms.utility.Log.info(Log.java:8)
	at com.hrms.utility.Log.info(Log.java:8)
	at com.hrms.utility.Log.info(Log.java:8)
	at com.hrms.utility.Log.info(Log.java:8)
	at com.hrms.utility.Log.info(Log.java:8)
	at com.hrms.utility.Log.info(Log.java:8)
	at com.hrms.utility.Log.info(Log.java:8)
	at com.hrms.utility.Log.info(Log.java:8)
	at com.hrms.utility.Log.info(Log.java:8)
	at com.hrms.utility.Log.info(Log.java:8)
	at com.hrms.utility.Log.info(Log.java:8)
	at com.hrms.utility.Log.info(Log.java:8)
	at com.hrms.utility.Log.info(Log.java:8)
	at com.hrms.utility.Log.info(Log.java:8)
	at com.hrms.utility.Log.info(Log.java:8)
	at com.hrms.utility.Log.info(Log.java:8)
	at com.hrms.utility.Log.info(Log.java:8)
	at com.hrms.utility.Log.info(Log.java:8)
	at com.hrms.utility.Log.info(Log.java:8)
	at com.hrms.utility.Log.info(Log.java:8)
	at com.hrms.utility.Log.info(Log.java:8)
	at com.hrms.utility.Log.info(Log.java:8)
	at com.hrms.utility.Log.info(Log.java:8)
	at com.hrms.utility.Log.info(Log.java:8)
	at com.hrms.utility.Log.info(Log.java:8)
	at com.hrms.utility.Log.info(Log.java:8)
	at com.hrms.utility.Log.info(Log.java:8)
	at com.hrms.utility.Log.info(Log.java:8)
	at com.hrms.utility.Log.info(Log.java:8)
	at com.hrms.utility.Log.info(Log.java:8)
	at com.hrms.utility.Log.info(Log.java:8)
	at com.hrms.utility.Log.info(Log.java:8)
	at com.hrms.utility.Log.info(Log.java:8)
	at com.hrms.utility.Log.info(Log.java:8)
	at com.hrms.utility.Log.info(Log.java:8)
	at com.hrms.utility.Log.info(Log.java:8)
	at com.hrms.utility.Log.info(Log.java:8)
	at com.hrms.utility.Log.info(Log.java:8)
	at com.hrms.utility.Log.info(Log.java:8)
	at com.hrms.utility.Log.info(Log.java:8)
	at com.hrms.utility.Log.info(Log.java:8)
	at com.hrms.utility.Log.info(Log.java:8)
	at com.hrms.utility.Log.info(Log.java:8)
	at com.hrms.utility.Log.info(Log.java:8)
	at com.hrms.utility.Log.info(Log.java:8)
	at com.hrms.utility.Log.info(Log.java:8)
	at com.hrms.utility.Log.info(Log.java:8)
	at com.hrms.utility.Log.info(Log.java:8)
	at com.hrms.utility.Log.info(Log.java:8)
	at com.hrms.utility.Log.info(Log.java:8)
	at com.hrms.utility.Log.info(Log.java:8)
	at com.hrms.utility.Log.info(Log.java:8)
	at com.hrms.utility.Log.info(Log.java:8)
	at com.hrms.utility.Log.info(Log.java:8)
	at com.hrms.utility.Log.info(Log.java:8)
	at com.hrms.utility.Log.info(Log.java:8)
	at com.hrms.utility.Log.info(Log.java:8)
	at com.hrms.utility.Log.info(Log.java:8)
	at com.hrms.utility.Log.info(Log.java:8)
	at com.hrms.utility.Log.info(Log.java:8)
	at com.hrms.utility.Log.info(Log.java:8)
	at com.hrms.utility.Log.info(Log.java:8)
	at com.hrms.utility.Log.info(Log.java:8)
	at com.hrms.utility.Log.info(Log.java:8)
	at com.hrms.utility.Log.info(Log.java:8)
	at com.hrms.utility.Log.info(Log.java:8)
	at com.hrms.utility.Log.info(Log.java:8)
	at com.hrms.utility.Log.info(Log.java:8)
	at com.hrms.utility.Log.info(Log.java:8)
	at com.hrms.utility.Log.info(Log.java:8)
	at com.hrms.utility.Log.info(Log.java:8)
	at com.hrms.utility.Log.info(Log.java:8)
	at com.hrms.utility.Log.info(Log.java:8)
	at com.hrms.utility.Log.info(Log.java:8)
	at com.hrms.utility.Log.info(Log.java:8)
	at com.hrms.utility.Log.info(Log.java:8)
	at com.hrms.utility.Log.info(Log.java:8)
	at com.hrms.utility.Log.info(Log.java:8)
	at com.hrms.utility.Log.info(Log.java:8)
	at com.hrms.utility.Log.info(Log.java:8)
	at com.hrms.utility.Log.info(Log.java:8)
	at com.hrms.utility.Log.info(Log.java:8)
	at com.hrms.utility.Log.info(Log.java:8)
	at com.hrms.utility.Log.info(Log.java:8)
	at com.hrms.utility.Log.info(Log.java:8)
	at com.hrms.utility.Log.info(Log.java:8)
	at com.hrms.utility.Log.info(Log.java:8)
	at com.hrms.utility.Log.info(Log.java:8)
	at com.hrms.utility.Log.info(Log.java:8)
	at com.hrms.utility.Log.info(Log.java:8)
	at com.hrms.utility.Log.info(Log.java:8)
	at com.hrms.utility.Log.info(Log.java:8)
	at com.hrms.utility.Log.info(Log.java:8)
	at com.hrms.utility.Log.info(Log.java:8)
	at com.hrms.utility.Log.info(Log.java:8)
	at com.hrms.utility.Log.info(Log.java:8)
	at com.hrms.utility.Log.info(Log.java:8)
	at com.hrms.utility.Log.info(Log.java:8)
	at com.hrms.utility.Log.info(Log.java:8)
	at com.hrms.utility.Log.info(Log.java:8)
	at com.hrms.utility.Log.info(Log.java:8)
	at com.hrms.utility.Log.info(Log.java:8)
	at com.hrms.utility.Log.info(Log.java:8)
	at com.hrms.utility.Log.info(Log.java:8)
	at com.hrms.utility.Log.info(Log.java:8)
	at com.hrms.utility.Log.info(Log.java:8)
	at com.hrms.utility.Log.info(Log.java:8)
	at com.hrms.utility.Log.info(Log.java:8)
	at com.hrms.utility.Log.info(Log.java:8)
	at com.hrms.utility.Log.info(Log.java:8)
	at com.hrms.utility.Log.info(Log.java:8)
	at com.hrms.utility.Log.info(Log.java:8)
	at com.hrms.utility.Log.info(Log.java:8)
	at com.hrms.utility.Log.info(Log.java:8)
	at com.hrms.utility.Log.info(Log.java:8)
	at com.hrms.utility.Log.info(Log.java:8)
	at com.hrms.utility.Log.info(Log.java:8)
	at com.hrms.utility.Log.info(Log.java:8)
	at com.hrms.utility.Log.info(Log.java:8)
	at com.hrms.utility.Log.info(Log.java:8)
	at com.hrms.utility.Log.info(Log.java:8)
	at com.hrms.utility.Log.info(Log.java:8)
	at com.hrms.utility.Log.info(Log.java:8)
	at com.hrms.utility.Log.info(Log.java:8)
	at com.hrms.utility.Log.info(Log.java:8)
	at com.hrms.utility.Log.info(Log.java:8)
	at com.hrms.utility.Log.info(Log.java:8)
	at com.hrms.utility.Log.info(Log.java:8)
	at com.hrms.utility.Log.info(Log.java:8)
	at com.hrms.utility.Log.info(Log.java:8)
	at com.hrms.utility.Log.info(Log.java:8)
	at com.hrms.utility.Log.info(Log.java:8)
	at com.hrms.utility.Log.info(Log.java:8)
	at com.hrms.utility.Log.info(Log.java:8)
	at com.hrms.utility.Log.info(Log.java:8)
	at com.hrms.utility.Log.info(Log.java:8)
	at com.hrms.utility.Log.info(Log.java:8)
	at com.hrms.utility.Log.info(Log.java:8)
	at com.hrms.utility.Log.info(Log.java:8)
	at com.hrms.utility.Log.info(Log.java:8)
	at com.hrms.utility.Log.info(Log.java:8)
	at com.hrms.utility.Log.info(Log.java:8)
	at com.hrms.utility.Log.info(Log.java:8)
	at com.hrms.utility.Log.info(Log.java:8)
	at com.hrms.utility.Log.info(Log.java:8)
	at com.hrms.utility.Log.info(Log.java:8)
	at com.hrms.utility.Log.info(Log.java:8)
	at com.hrms.utility.Log.info(Log.java:8)
	at com.hrms.utility.Log.info(Log.java:8)
	at com.hrms.utility.Log.info(Log.java:8)
	at com.hrms.utility.Log.info(Log.java:8)
	at com.hrms.utility.Log.info(Log.java:8)
	at com.hrms.utility.Log.info(Log.java:8)
	at com.hrms.utility.Log.info(Log.java:8)
	at com.hrms.utility.Log.info(Log.java:8)
	at com.hrms.utility.Log.info(Log.java:8)
	at com.hrms.utility.Log.info(Log.java:8)
	at com.hrms.utility.Log.info(Log.java:8)
	at com.hrms.utility.Log.info(Log.java:8)
	at com.hrms.utility.Log.info(Log.java:8)
	at com.hrms.utility.Log.info(Log.java:8)
	at com.hrms.utility.Log.info(Log.java:8)
	at com.hrms.utility.Log.info(Log.java:8)
	at com.hrms.utility.Log.info(Log.java:8)
	at com.hrms.utility.Log.info(Log.java:8)
	at com.hrms.utility.Log.info(Log.java:8)
	at com.hrms.utility.Log.info(Log.java:8)
	at com.hrms.utility.Log.info(Log.java:8)
	at com.hrms.utility.Log.info(Log.java:8)
	at com.hrms.utility.Log.info(Log.java:8)
	at com.hrms.utility.Log.info(Log.java:8)
	at com.hrms.utility.Log.info(Log.java:8)
	at com.hrms.utility.Log.info(Log.java:8)
	at com.hrms.utility.Log.info(Log.java:8)
	at com.hrms.utility.Log.info(Log.java:8)
	at com.hrms.utility.Log.info(Log.java:8)
	at com.hrms.utility.Log.info(Log.java:8)
	at com.hrms.utility.Log.info(Log.java:8)
	at com.hrms.utility.Log.info(Log.java:8)
	at com.hrms.utility.Log.info(Log.java:8)
	at com.hrms.utility.Log.info(Log.java:8)
	at com.hrms.utility.Log.info(Log.java:8)
	at com.hrms.utility.Log.info(Log.java:8)
	at com.hrms.utility.Log.info(Log.java:8)
	at com.hrms.utility.Log.info(Log.java:8)
	at com.hrms.utility.Log.info(Log.java:8)
	at com.hrms.utility.Log.info(Log.java:8)
	at com.hrms.utility.Log.info(Log.java:8)
	at com.hrms.utility.Log.info(Log.java:8)
	at com.hrms.utility.Log.info(Log.java:8)
	at com.hrms.utility.Log.info(Log.java:8)
	at com.hrms.utility.Log.info(Log.java:8)
	at com.hrms.utility.Log.info(Log.java:8)
	at com.hrms.utility.Log.info(Log.java:8)
	at com.hrms.utility.Log.info(Log.java:8)
	at com.hrms.utility.Log.info(Log.java:8)
	at com.hrms.utility.Log.info(Log.java:8)
	at com.hrms.utility.Log.info(Log.java:8)
	at com.hrms.utility.Log.info(Log.java:8)
	at com.hrms.utility.Log.info(Log.java:8)
	at com.hrms.utility.Log.info(Log.java:8)
	at com.hrms.utility.Log.info(Log.java:8)
	at com.hrms.utility.Log.info(Log.java:8)
	at com.hrms.utility.Log.info(Log.java:8)
	at com.hrms.utility.Log.info(Log.java:8)
	at com.hrms.utility.Log.info(Log.java:8)
	at com.hrms.utility.Log.info(Log.java:8)
	at com.hrms.utility.Log.info(Log.java:8)
	at com.hrms.utility.Log.info(Log.java:8)
	at com.hrms.utility.Log.info(Log.java:8)
	at com.hrms.utility.Log.info(Log.java:8)
	at com.hrms.utility.Log.info(Log.java:8)
	at com.hrms.utility.Log.info(Log.java:8)
	at com.hrms.utility.Log.info(Log.java:8)
	at com.hrms.utility.Log.info(Log.java:8)
	at com.hrms.utility.Log.info(Log.java:8)
	at com.hrms.utility.Log.info(Log.java:8)
	at com.hrms.utility.Log.info(Log.java:8)
	at com.hrms.utility.Log.info(Log.java:8)
	at com.hrms.utility.Log.info(Log.java:8)
	at com.hrms.utility.Log.info(Log.java:8)
	at com.hrms.utility.Log.info(Log.java:8)
	at com.hrms.utility.Log.info(Log.java:8)
	at com.hrms.utility.Log.info(Log.java:8)
	at com.hrms.utility.Log.info(Log.java:8)
	at com.hrms.utility.Log.info(Log.java:8)
	at com.hrms.utility.Log.info(Log.java:8)
	at com.hrms.utility.Log.info(Log.java:8)
	at com.hrms.utility.Log.info(Log.java:8)
	at com.hrms.utility.Log.info(Log.java:8)
	at com.hrms.utility.Log.info(Log.java:8)
	at com.hrms.utility.Log.info(Log.java:8)
	at com.hrms.utility.Log.info(Log.java:8)
	at com.hrms.utility.Log.info(Log.java:8)
	at com.hrms.utility.Log.info(Log.java:8)
	at com.hrms.utility.Log.info(Log.java:8)
	at com.hrms.utility.Log.info(Log.java:8)
	at com.hrms.utility.Log.info(Log.java:8)
	at com.hrms.utility.Log.info(Log.java:8)
	at com.hrms.utility.Log.info(Log.java:8)
	at com.hrms.utility.Log.info(Log.java:8)
	at com.hrms.utility.Log.info(Log.java:8)
	at com.hrms.utility.Log.info(Log.java:8)
	at com.hrms.utility.Log.info(Log.java:8)
	at com.hrms.utility.Log.info(Log.java:8)
	at com.hrms.utility.Log.info(Log.java:8)
	at com.hrms.utility.Log.info(Log.java:8)
	at com.hrms.utility.Log.info(Log.java:8)
	at com.hrms.utility.Log.info(Log.java:8)
	at com.hrms.utility.Log.info(Log.java:8)
	at com.hrms.utility.Log.info(Log.java:8)
	at com.hrms.utility.Log.info(Log.java:8)
	at com.hrms.utility.Log.info(Log.java:8)
	at com.hrms.utility.Log.info(Log.java:8)
	at com.hrms.utility.Log.info(Log.java:8)
	at com.hrms.utility.Log.info(Log.java:8)
	at com.hrms.utility.Log.info(Log.java:8)
	at com.hrms.utility.Log.info(Log.java:8)
	at com.hrms.utility.Log.info(Log.java:8)
	at com.hrms.utility.Log.info(Log.java:8)
	at com.hrms.utility.Log.info(Log.java:8)
	at com.hrms.utility.Log.info(Log.java:8)
	at com.hrms.utility.Log.info(Log.java:8)
	at com.hrms.utility.Log.info(Log.java:8)
	at com.hrms.utility.Log.info(Log.java:8)
	at com.hrms.utility.Log.info(Log.java:8)
	at com.hrms.utility.Log.info(Log.java:8)
	at com.hrms.utility.Log.info(Log.java:8)
	at com.hrms.utility.Log.info(Log.java:8)
	at com.hrms.utility.Log.info(Log.java:8)
	at com.hrms.utility.Log.info(Log.java:8)
	at com.hrms.utility.Log.info(Log.java:8)
	at com.hrms.utility.Log.info(Log.java:8)
	at com.hrms.utility.Log.info(Log.java:8)
	at com.hrms.utility.Log.info(Log.java:8)
	at com.hrms.utility.Log.info(Log.java:8)
	at com.hrms.utility.Log.info(Log.java:8)
	at com.hrms.utility.Log.info(Log.java:8)
	at com.hrms.utility.Log.info(Log.java:8)
	at com.hrms.utility.Log.info(Log.java:8)
	at com.hrms.utility.Log.info(Log.java:8)
	at com.hrms.utility.Log.info(Log.java:8)
	at com.hrms.utility.Log.info(Log.java:8)
	at com.hrms.utility.Log.info(Log.java:8)
	at com.hrms.utility.Log.info(Log.java:8)
	at com.hrms.utility.Log.info(Log.java:8)
	at com.hrms.utility.Log.info(Log.java:8)
	at com.hrms.utility.Log.info(Log.java:8)
	at com.hrms.utility.Log.info(Log.java:8)
	at com.hrms.utility.Log.info(Log.java:8)
	at com.hrms.utility.Log.info(Log.java:8)
	at com.hrms.utility.Log.info(Log.java:8)
	at com.hrms.utility.Log.info(Log.java:8)
	at com.hrms.utility.Log.info(Log.java:8)
	at com.hrms.utility.Log.info(Log.java:8)
	at com.hrms.utility.Log.info(Log.java:8)
	at com.hrms.utility.Log.info(Log.java:8)
	at com.hrms.utility.Log.info(Log.java:8)
	at com.hrms.utility.Log.info(Log.java:8)
	at com.hrms.utility.Log.info(Log.java:8)
	at com.hrms.utility.Log.info(Log.java:8)
	at com.hrms.utility.Log.info(Log.java:8)
	at com.hrms.utility.Log.info(Log.java:8)
	at com.hrms.utility.Log.info(Log.java:8)
	at com.hrms.utility.Log.info(Log.java:8)
	at com.hrms.utility.Log.info(Log.java:8)
	at com.hrms.utility.Log.info(Log.java:8)
	at com.hrms.utility.Log.info(Log.java:8)
	at com.hrms.utility.Log.info(Log.java:8)
	at com.hrms.utility.Log.info(Log.java:8)
	at com.hrms.utility.Log.info(Log.java:8)
	at com.hrms.utility.Log.info(Log.java:8)
	at com.hrms.utility.Log.info(Log.java:8)
	at com.hrms.utility.Log.info(Log.java:8)
	at com.hrms.utility.Log.info(Log.java:8)
	at com.hrms.utility.Log.info(Log.java:8)
	at com.hrms.utility.Log.info(Log.java:8)
	at com.hrms.utility.Log.info(Log.java:8)
	at com.hrms.utility.Log.info(Log.java:8)
	at com.hrms.utility.Log.info(Log.java:8)
	at com.hrms.utility.Log.info(Log.java:8)
	at com.hrms.utility.Log.info(Log.java:8)
	at com.hrms.utility.Log.info(Log.java:8)
	at com.hrms.utility.Log.info(Log.java:8)
	at com.hrms.utility.Log.info(Log.java:8)
	at com.hrms.utility.Log.info(Log.java:8)
	at com.hrms.utility.Log.info(Log.java:8)
	at com.hrms.utility.Log.info(Log.java:8)
	at com.hrms.utility.Log.info(Log.java:8)
	at com.hrms.utility.Log.info(Log.java:8)
	at com.hrms.utility.Log.info(Log.java:8)
	at com.hrms.utility.Log.info(Log.java:8)
	at com.hrms.utility.Log.info(Log.java:8)
	at com.hrms.utility.Log.info(Log.java:8)
	at com.hrms.utility.Log.info(Log.java:8)
	at com.hrms.utility.Log.info(Log.java:8)
	at com.hrms.utility.Log.info(Log.java:8)
	at com.hrms.utility.Log.info(Log.java:8)
	at com.hrms.utility.Log.info(Log.java:8)
	at com.hrms.utility.Log.info(Log.java:8)
	at com.hrms.utility.Log.info(Log.java:8)
	at com.hrms.utility.Log.info(Log.java:8)
	at com.hrms.utility.Log.info(Log.java:8)
	at com.hrms.utility.Log.info(Log.java:8)
	at com.hrms.utility.Log.info(Log.java:8)
	at com.hrms.utility.Log.info(Log.java:8)
	at com.hrms.utility.Log.info(Log.java:8)
	at com.hrms.utility.Log.info(Log.java:8)
	at com.hrms.utility.Log.info(Log.java:8)
	at com.hrms.utility.Log.info(Log.java:8)
	at com.hrms.utility.Log.info(Log.java:8)
	at com.hrms.utility.Log.info(Log.java:8)
	at com.hrms.utility.Log.info(Log.java:8)
	at com.hrms.utility.Log.info(Log.java:8)
	at com.hrms.utility.Log.info(Log.java:8)
	at com.hrms.utility.Log.info(Log.java:8)
	at com.hrms.utility.Log.info(Log.java:8)
	at com.hrms.utility.Log.info(Log.java:8)
	at com.hrms.utility.Log.info(Log.java:8)
	at com.hrms.utility.Log.info(Log.java:8)
	at com.hrms.utility.Log.info(Log.java:8)
	at com.hrms.utility.Log.info(Log.java:8)
	at com.hrms.utility.Log.info(Log.java:8)
	at com.hrms.utility.Log.info(Log.java:8)
	at com.hrms.utility.Log.info(Log.java:8)
	at com.hrms.utility.Log.info(Log.java:8)
	at com.hrms.utility.Log.info(Log.java:8)
	at com.hrms.utility.Log.info(Log.java:8)
	at com.hrms.utility.Log.info(Log.java:8)
	at com.hrms.utility.Log.info(Log.java:8)
	at com.hrms.utility.Log.info(Log.java:8)
	at com.hrms.utility.Log.info(Log.java:8)
	at com.hrms.utility.Log.info(Log.java:8)
	at com.hrms.utility.Log.info(Log.java:8)
	at com.hrms.utility.Log.info(Log.java:8)
	at com.hrms.utility.Log.info(Log.java:8)
	at com.hrms.utility.Log.info(Log.java:8)
	at com.hrms.utility.Log.info(Log.java:8)
	at com.hrms.utility.Log.info(Log.java:8)
	at com.hrms.utility.Log.info(Log.java:8)
	at com.hrms.utility.Log.info(Log.java:8)
	at com.hrms.utility.Log.info(Log.java:8)
	at com.hrms.utility.Log.info(Log.java:8)
	at com.hrms.utility.Log.info(Log.java:8)
	at com.hrms.utility.Log.info(Log.java:8)
	at com.hrms.utility.Log.info(Log.java:8)
	at com.hrms.utility.Log.info(Log.java:8)
	at com.hrms.utility.Log.info(Log.java:8)
	at com.hrms.utility.Log.info(Log.java:8)
	at com.hrms.utility.Log.info(Log.java:8)
	at com.hrms.utility.Log.info(Log.java:8)
	at com.hrms.utility.Log.info(Log.java:8)
	at com.hrms.utility.Log.info(Log.java:8)
	at com.hrms.utility.Log.info(Log.java:8)
	at com.hrms.utility.Log.info(Log.java:8)
	at com.hrms.utility.Log.info(Log.java:8)
	at com.hrms.utility.Log.info(Log.java:8)
	at com.hrms.utility.Log.info(Log.java:8)
	at com.hrms.utility.Log.info(Log.java:8)
	at com.hrms.utility.Log.info(Log.java:8)
	at com.hrms.utility.Log.info(Log.java:8)
	at com.hrms.utility.Log.info(Log.java:8)
	at com.hrms.utility.Log.info(Log.java:8)
	at com.hrms.utility.Log.info(Log.java:8)
	at com.hrms.utility.Log.info(Log.java:8)
	at com.hrms.utility.Log.info(Log.java:8)
	at com.hrms.utility.Log.info(Log.java:8)
	at com.hrms.utility.Log.info(Log.java:8)
	at com.hrms.utility.Log.info(Log.java:8)
	at com.hrms.utility.Log.info(Log.java:8)
	at com.hrms.utility.Log.info(Log.java:8)
	at com.hrms.utility.Log.info(Log.java:8)
	at com.hrms.utility.Log.info(Log.java:8)
	at com.hrms.utility.Log.info(Log.java:8)
	at com.hrms.utility.Log.info(Log.java:8)
	at com.hrms.utility.Log.info(Log.java:8)
	at com.hrms.utility.Log.info(Log.java:8)
	at com.hrms.utility.Log.info(Log.java:8)
	at com.hrms.utility.Log.info(Log.java:8)
	at com.hrms.utility.Log.info(Log.java:8)
	at com.hrms.utility.Log.info(Log.java:8)
	at com.hrms.utility.Log.info(Log.java:8)
	at com.hrms.utility.Log.info(Log.java:8)
	at com.hrms.utility.Log.info(Log.java:8)
	at com.hrms.utility.Log.info(Log.java:8)
	at com.hrms.utility.Log.info(Log.java:8)
	at com.hrms.utility.Log.info(Log.java:8)
	at com.hrms.utility.Log.info(Log.java:8)
	at com.hrms.utility.Log.info(Log.java:8)
	at com.hrms.utility.Log.info(Log.java:8)
	at com.hrms.utility.Log.info(Log.java:8)
	at com.hrms.utility.Log.info(Log.java:8)
	at com.hrms.utility.Log.info(Log.java:8)
	at com.hrms.utility.Log.info(Log.java:8)
	at com.hrms.utility.Log.info(Log.java:8)
	at com.hrms.utility.Log.info(Log.java:8)
	at com.hrms.utility.Log.info(Log.java:8)
	at com.hrms.utility.Log.info(Log.java:8)
	at com.hrms.utility.Log.info(Log.java:8)
	at com.hrms.utility.Log.info(Log.java:8)
	at com.hrms.utility.Log.info(Log.java:8)
	at com.hrms.utility.Log.info(Log.java:8)
	at com.hrms.utility.Log.info(Log.java:8)
	at com.hrms.utility.Log.info(Log.java:8)
	at com.hrms.utility.Log.info(Log.java:8)
	at com.hrms.utility.Log.info(Log.java:8)
	at com.hrms.utility.Log.info(Log.java:8)
	at com.hrms.utility.Log.info(Log.java:8)
	at com.hrms.utility.Log.info(Log.java:8)
	at com.hrms.utility.Log.info(Log.java:8)
	at com.hrms.utility.Log.info(Log.java:8)
	at com.hrms.utility.Log.info(Log.java:8)
	at com.hrms.utility.Log.info(Log.java:8)
	at com.hrms.utility.Log.info(Log.java:8)
	at com.hrms.utility.Log.info(Log.java:8)
	at com.hrms.utility.Log.info(Log.java:8)
	at com.hrms.utility.Log.info(Log.java:8)
	at com.hrms.utility.Log.info(Log.java:8)
	at com.hrms.utility.Log.info(Log.java:8)
	at com.hrms.utility.Log.info(Log.java:8)
	at com.hrms.utility.Log.info(Log.java:8)
	at com.hrms.utility.Log.info(Log.java:8)
	at com.hrms.utility.Log.info(Log.java:8)
	at com.hrms.utility.Log.info(Log.java:8)
	at com.hrms.utility.Log.info(Log.java:8)
	at com.hrms.utility.Log.info(Log.java:8)
	at com.hrms.utility.Log.info(Log.java:8)
	at com.hrms.utility.Log.info(Log.java:8)
	at com.hrms.utility.Log.info(Log.java:8)
	at com.hrms.utility.Log.info(Log.java:8)
	at com.hrms.utility.Log.info(Log.java:8)
	at com.hrms.utility.Log.info(Log.java:8)
	at com.hrms.utility.Log.info(Log.java:8)
	at com.hrms.utility.Log.info(Log.java:8)
	at com.hrms.utility.Log.info(Log.java:8)
	at com.hrms.utility.Log.info(Log.java:8)
	at com.hrms.utility.Log.info(Log.java:8)
	at com.hrms.utility.Log.info(Log.java:8)
	at com.hrms.utility.Log.info(Log.java:8)
	at com.hrms.utility.Log.info(Log.java:8)
	at com.hrms.utility.Log.info(Log.java:8)
	at com.hrms.utility.Log.info(Log.java:8)
	at com.hrms.utility.Log.info(Log.java:8)
	at com.hrms.utility.Log.info(Log.java:8)
	at com.hrms.utility.Log.info(Log.java:8)
	at com.hrms.utility.Log.info(Log.java:8)
	at com.hrms.utility.Log.info(Log.java:8)
	at com.hrms.utility.Log.info(Log.java:8)
	at com.hrms.utility.Log.info(Log.java:8)
	at com.hrms.utility.Log.info(Log.java:8)
	at com.hrms.utility.Log.info(Log.java:8)
	at com.hrms.utility.Log.info(Log.java:8)
	at com.hrms.utility.Log.info(Log.java:8)
	at com.hrms.utility.Log.info(Log.java:8)
	at com.hrms.utility.Log.info(Log.java:8)
	at com.hrms.utility.Log.info(Log.java:8)
	at com.hrms.utility.Log.info(Log.java:8)
	at com.hrms.utility.Log.info(Log.java:8)
	at com.hrms.utility.Log.info(Log.java:8)
	at com.hrms.utility.Log.info(Log.java:8)
	at com.hrms.utility.Log.info(Log.java:8)
	at com.hrms.utility.Log.info(Log.java:8)
	at com.hrms.utility.Log.info(Log.java:8)
	at com.hrms.utility.Log.info(Log.java:8)
	at com.hrms.utility.Log.info(Log.java:8)
	at com.hrms.utility.Log.info(Log.java:8)
	at com.hrms.utility.Log.info(Log.java:8)
	at com.hrms.utility.Log.info(Log.java:8)
	at com.hrms.utility.Log.info(Log.java:8)
	at com.hrms.utility.Log.info(Log.java:8)
	at com.hrms.utility.Log.info(Log.java:8)
	at com.hrms.utility.Log.info(Log.java:8)
	at com.hrms.utility.Log.info(Log.java:8)
	at com.hrms.utility.Log.info(Log.java:8)
	at com.hrms.utility.Log.info(Log.java:8)
	at com.hrms.utility.Log.info(Log.java:8)
	at com.hrms.utility.Log.info(Log.java:8)
	at com.hrms.utility.Log.info(Log.java:8)
	at com.hrms.utility.Log.info(Log.java:8)
	at com.hrms.utility.Log.info(Log.java:8)
	at com.hrms.utility.Log.info(Log.java:8)
	at com.hrms.utility.Log.info(Log.java:8)
	at com.hrms.utility.Log.info(Log.java:8)
	at com.hrms.utility.Log.info(Log.java:8)
	at com.hrms.utility.Log.info(Log.java:8)
	at com.hrms.utility.Log.info(Log.java:8)
	at com.hrms.utility.Log.info(Log.java:8)
	at com.hrms.utility.Log.info(Log.java:8)
	at com.hrms.utility.Log.info(Log.java:8)
	at com.hrms.utility.Log.info(Log.java:8)
	at com.hrms.utility.Log.info(Log.java:8)
	at com.hrms.utility.Log.info(Log.java:8)
	at com.hrms.utility.Log.info(Log.java:8)
	at com.hrms.utility.Log.info(Log.java:8)
	at com.hrms.utility.Log.info(Log.java:8)
	at com.hrms.utility.Log.info(Log.java:8)
	at com.hrms.utility.Log.info(Log.java:8)
	at com.hrms.utility.Log.info(Log.java:8)
	at com.hrms.utility.Log.info(Log.java:8)
	at com.hrms.utility.Log.info(Log.java:8)
	at com.hrms.utility.Log.info(Log.java:8)
	at com.hrms.utility.Log.info(Log.java:8)
	at com.hrms.utility.Log.info(Log.java:8)
	at com.hrms.utility.Log.info(Log.java:8)
	at com.hrms.utility.Log.info(Log.java:8)
	at com.hrms.utility.Log.info(Log.java:8)
	at com.hrms.utility.Log.info(Log.java:8)
	at com.hrms.utility.Log.info(Log.java:8)
	at com.hrms.utility.Log.info(Log.java:8)
	at com.hrms.utility.Log.info(Log.java:8)
	at com.hrms.utility.Log.info(Log.java:8)
	at com.hrms.utility.Log.info(Log.java:8)
	at com.hrms.utility.Log.info(Log.java:8)
	at com.hrms.utility.Log.info(Log.java:8)
	at com.hrms.utility.Log.info(Log.java:8)
	at com.hrms.utility.Log.info(Log.java:8)
	at com.hrms.utility.Log.info(Log.java:8)
	at com.hrms.utility.Log.info(Log.java:8)
	at com.hrms.utility.Log.info(Log.java:8)
	at com.hrms.utility.Log.info(Log.java:8)
	at com.hrms.utility.Log.info(Log.java:8)
	at com.hrms.utility.Log.info(Log.java:8)
	at com.hrms.utility.Log.info(Log.java:8)
	at com.hrms.utility.Log.info(Log.java:8)
	at com.hrms.utility.Log.info(Log.java:8)
	at com.hrms.utility.Log.info(Log.java:8)
	at com.hrms.utility.Log.info(Log.java:8)
	at com.hrms.utility.Log.info(Log.java:8)
	at com.hrms.utility.Log.info(Log.java:8)
	at com.hrms.utility.Log.info(Log.java:8)
	at com.hrms.utility.Log.info(Log.java:8)
	at com.hrms.utility.Log.info(Log.java:8)
	at com.hrms.utility.Log.info(Log.java:8)
	at com.hrms.utility.Log.info(Log.java:8)
	at com.hrms.utility.Log.info(Log.java:8)
	at com.hrms.utility.Log.info(Log.java:8)
	at com.hrms.utility.Log.info(Log.java:8)
	at com.hrms.utility.Log.info(Log.java:8)
	at com.hrms.utility.Log.info(Log.java:8)
	at com.hrms.utility.Log.info(Log.java:8)
	at com.hrms.utility.Log.info(Log.java:8)
	at com.hrms.utility.Log.info(Log.java:8)
	at com.hrms.utility.Log.info(Log.java:8)
	at com.hrms.utility.Log.info(Log.java:8)
	at com.hrms.utility.Log.info(Log.java:8)
	at com.hrms.utility.Log.info(Log.java:8)
	at com.hrms.utility.Log.info(Log.java:8)
	at com.hrms.utility.Log.info(Log.java:8)
	at com.hrms.utility.Log.info(Log.java:8)
	at com.hrms.utility.Log.info(Log.java:8)
	at com.hrms.utility.Log.info(Log.java:8)
	at com.hrms.utility.Log.info(Log.java:8)
	at com.hrms.utility.Log.info(Log.java:8)
	at com.hrms.utility.Log.info(Log.java:8)
	at com.hrms.utility.Log.info(Log.java:8)
	at com.hrms.utility.Log.info(Log.java:8)
	at com.hrms.utility.Log.info(Log.java:8)
	at com.hrms.utility.Log.info(Log.java:8)
	at com.hrms.utility.Log.info(Log.java:8)
	at com.hrms.utility.Log.info(Log.java:8)
	at com.hrms.utility.Log.info(Log.java:8)
	at com.hrms.utility.Log.info(Log.java:8)
	at com.hrms.utility.Log.info(Log.java:8)
	at com.hrms.utility.Log.info(Log.java:8)
	at com.hrms.utility.Log.info(Log.java:8)
	at com.hrms.utility.Log.info(Log.java:8)
	at com.hrms.utility.Log.info(Log.java:8)
	at com.hrms.utility.Log.info(Log.java:8)
	at com.hrms.utility.Log.info(Log.java:8)
	at com.hrms.utility.Log.info(Log.java:8)
	at com.hrms.utility.Log.info(Log.java:8)
	at com.hrms.utility.Log.info(Log.java:8)
	at com.hrms.utility.Log.info(Log.java:8)
	at com.hrms.utility.Log.info(Log.java:8)
	at com.hrms.utility.Log.info(Log.java:8)
	at com.hrms.utility.Log.info(Log.java:8)
	at com.hrms.utility.Log.info(Log.java:8)
	at com.hrms.utility.Log.info(Log.java:8)
	at com.hrms.utility.Log.info(Log.java:8)
	at com.hrms.utility.Log.info(Log.java:8)
	at com.hrms.utility.Log.info(Log.java:8)
	at com.hrms.utility.Log.info(Log.java:8)
	at com.hrms.utility.Log.info(Log.java:8)
	at com.hrms.utility.Log.info(Log.java:8)
	at com.hrms.utility.Log.info(Log.java:8)
	at com.hrms.utility.Log.info(Log.java:8)
	at com.hrms.utility.Log.info(Log.java:8)
	at com.hrms.utility.Log.info(Log.java:8)
	at com.hrms.utility.Log.info(Log.java:8)
	at com.hrms.utility.Log.info(Log.java:8)
	at com.hrms.utility.Log.info(Log.java:8)
	at com.hrms.utility.Log.info(Log.java:8)
	at com.hrms.utility.Log.info(Log.java:8)
	at com.hrms.utility.Log.info(Log.java:8)
	at com.hrms.utility.Log.info(Log.java:8)
	at com.hrms.utility.Log.info(Log.java:8)
	at com.hrms.utility.Log.info(Log.java:8)
	at com.hrms.utility.Log.info(Log.java:8)
	at com.hrms.utility.Log.info(Log.java:8)
	at com.hrms.utility.Log.info(Log.java:8)
	at com.hrms.utility.Log.info(Log.java:8)
	at com.hrms.utility.Log.info(Log.java:8)
	at com.hrms.utility.Log.info(Log.java:8)
	at com.hrms.utility.Log.info(Log.java:8)
	at com.hrms.utility.Log.info(Log.java:8)
	at com.hrms.utility.Log.info(Log.java:8)
	at com.hrms.utility.Log.info(Log.java:8)
	at com.hrms.utility.Log.info(Log.java:8)
	at com.hrms.utility.Log.info(Log.java:8)
	at com.hrms.utility.Log.info(Log.java:8)
	at com.hrms.utility.Log.info(Log.java:8)
	at com.hrms.utility.Log.info(Log.java:8)
	at com.hrms.utility.Log.info(Log.java:8)
	at com.hrms.utility.Log.info(Log.java:8)
	at com.hrms.utility.Log.info(Log.java:8)
	at com.hrms.utility.Log.info(Log.java:8)
	at com.hrms.utility.Log.info(Log.java:8)
	at com.hrms.utility.Log.info(Log.java:8)
	at com.hrms.utility.Log.info(Log.java:8)
	at com.hrms.utility.Log.info(Log.java:8)
	at com.hrms.utility.Log.info(Log.java:8)
	at com.hrms.utility.Log.info(Log.java:8)
	at com.hrms.utility.Log.info(Log.java:8)
	at com.hrms.utility.Log.info(Log.java:8)
	at com.hrms.utility.Log.info(Log.java:8)
	at com.hrms.utility.Log.info(Log.java:8)
	at com.hrms.utility.Log.info(Log.java:8)
	at com.hrms.utility.Log.info(Log.java:8)
	at com.hrms.utility.Log.info(Log.java:8)
	at com.hrms.utility.Log.info(Log.java:8)
	at com.hrms.utility.Log.info(Log.java:8)
	at com.hrms.utility.Log.info(Log.java:8)
	at com.hrms.utility.Log.info(Log.java:8)
	at com.hrms.utility.Log.info(Log.java:8)
	at com.hrms.utility.Log.info(Log.java:8)
	at com.hrms.utility.Log.info(Log.java:8)
	at com.hrms.utility.Log.info(Log.java:8)
	at com.hrms.utility.Log.info(Log.java:8)
	at com.hrms.utility.Log.info(Log.java:8)
	at com.hrms.utility.Log.info(Log.java:8)
	at com.hrms.utility.Log.info(Log.java:8)
	at com.hrms.utility.Log.info(Log.java:8)
	at com.hrms.utility.Log.info(Log.java:8)
	at com.hrms.utility.Log.info(Log.java:8)
	at com.hrms.utility.Log.info(Log.java:8)
	at com.hrms.utility.Log.info(Log.java:8)
	at com.hrms.utility.Log.info(Log.java:8)
	at com.hrms.utility.Log.info(Log.java:8)
	at com.hrms.utility.Log.info(Log.java:8)
	at com.hrms.utility.Log.info(Log.java:8)
	at com.hrms.utility.Log.info(Log.java:8)
	at com.hrms.utility.Log.info(Log.java:8)
	at com.hrms.utility.Log.info(Log.java:8)
	at com.hrms.utility.Log.info(Log.java:8)
	at com.hrms.utility.Log.info(Log.java:8)
	at com.hrms.utility.Log.info(Log.java:8)
	at com.hrms.utility.Log.info(Log.java:8)
	at com.hrms.utility.Log.info(Log.java:8)
	at com.hrms.utility.Log.info(Log.java:8)
	at com.hrms.utility.Log.info(Log.java:8)
	at com.hrms.utility.Log.info(Log.java:8)
	at com.hrms.utility.Log.info(Log.java:8)
	at com.hrms.utility.Log.info(Log.java:8)
	at com.hrms.utility.Log.info(Log.java:8)
	at com.hrms.utility.Log.info(Log.java:8)
	at com.hrms.utility.Log.info(Log.java:8)
	at com.hrms.utility.Log.info(Log.java:8)
	at com.hrms.utility.Log.info(Log.java:8)
	at com.hrms.utility.Log.info(Log.java:8)
	at com.hrms.utility.Log.info(Log.java:8)
	at com.hrms.utility.Log.info(Log.java:8)
	at com.hrms.utility.Log.info(Log.java:8)
	at com.hrms.utility.Log.info(Log.java:8)
	at com.hrms.utility.Log.info(Log.java:8)
	at com.hrms.utility.Log.info(Log.java:8)
	at com.hrms.utility.Log.info(Log.java:8)
	at com.hrms.utility.Log.info(Log.java:8)
	at com.hrms.utility.Log.info(Log.java:8)
	at com.hrms.utility.Log.info(Log.java:8)
	at com.hrms.utility.Log.info(Log.java:8)
	at com.hrms.utility.Log.info(Log.java:8)
	at com.hrms.utility.Log.info(Log.java:8)
	at com.hrms.utility.Log.info(Log.java:8)
	at com.hrms.utility.Log.info(Log.java:8)
	at com.hrms.utility.Log.info(Log.java:8)
	at com.hrms.utility.Log.info(Log.java:8)
	at com.hrms.utility.Log.info(Log.java:8)
	at com.hrms.utility.Log.info(Log.java:8)
	at com.hrms.utility.Log.info(Log.java:8)
	at com.hrms.utility.Log.info(Log.java:8)
	at com.hrms.utility.Log.info(Log.java:8)
	at com.hrms.utility.Log.info(Log.java:8)
	at com.hrms.utility.Log.info(Log.java:8)
	at com.hrms.utility.Log.info(Log.java:8)
	at com.hrms.utility.Log.info(Log.java:8)
	at com.hrms.utility.Log.info(Log.java:8)
	at com.hrms.utility.Log.info(Log.java:8)
	at com.hrms.utility.Log.info(Log.java:8)
	at com.hrms.utility.Log.info(Log.java:8)
	at com.hrms.utility.Log.info(Log.java:8)
	at com.hrms.utility.Log.info(Log.java:8)
	at com.hrms.utility.Log.info(Log.java:8)
	at com.hrms.utility.Log.info(Log.java:8)
	at com.hrms.utility.Log.info(Log.java:8)
	at com.hrms.utility.Log.info(Log.java:8)
	at com.hrms.utility.Log.info(Log.java:8)
	at com.hrms.utility.Log.info(Log.java:8)
	at com.hrms.utility.Log.info(Log.java:8)
	at com.hrms.utility.Log.info(Log.java:8)
	at com.hrms.utility.Log.info(Log.java:8)
	at com.hrms.utility.Log.info(Log.java:8)
	at com.hrms.utility.Log.info(Log.java:8)
	at com.hrms.utility.Log.info(Log.java:8)
	at com.hrms.utility.Log.info(Log.java:8)
	at com.hrms.utility.Log.info(Log.java:8)
	at com.hrms.utility.Log.info(Log.java:8)
	at com.hrms.utility.Log.info(Log.java:8)
	at com.hrms.utility.Log.info(Log.java:8)
	at com.hrms.utility.Log.info(Log.java:8)
	at com.hrms.utility.Log.info(Log.java:8)
	at com.hrms.utility.Log.info(Log.java:8)
	at com.hrms.utility.Log.info(Log.java:8)
	at com.hrms.utility.Log.info(Log.java:8)
	at com.hrms.utility.Log.info(Log.java:8)
	at com.hrms.utility.Log.info(Log.java:8)
	at com.hrms.utility.Log.info(Log.java:8)
	at com.hrms.utility.Log.info(Log.java:8)
	at com.hrms.utility.Log.info(Log.java:8)
	at com.hrms.utility.Log.info(Log.java:8)
	at com.hrms.utility.Log.info(Log.java:8)
	at com.hrms.utility.Log.info(Log.java:8)
	at com.hrms.utility.Log.info(Log.java:8)
	at com.hrms.utility.Log.info(Log.java:8)
	at com.hrms.utility.Log.info(Log.java:8)
	at com.hrms.utility.Log.info(Log.java:8)
	at com.hrms.utility.Log.info(Log.java:8)
	at com.hrms.utility.Log.info(Log.java:8)
	at com.hrms.utility.Log.info(Log.java:8)
	at com.hrms.utility.Log.info(Log.java:8)
	at com.hrms.utility.Log.info(Log.java:8)
	at com.hrms.utility.Log.info(Log.java:8)
	at com.hrms.utility.Log.info(Log.java:8)
	at com.hrms.utility.Log.info(Log.java:8)
	at com.hrms.utility.Log.info(Log.java:8)
	at com.hrms.utility.Log.info(Log.java:8)
	at com.hrms.utility.Log.info(Log.java:8)
	at com.hrms.utility.Log.info(Log.java:8)
	at com.hrms.utility.Log.info(Log.java:8)
	at com.hrms.utility.Log.info(Log.java:8)
	at com.hrms.utility.Log.info(Log.java:8)
	at com.hrms.utility.Log.info(Log.java:8)
	at com.hrms.utility.Log.info(Log.java:8)
	at com.hrms.utility.Log.info(Log.java:8)
	at com.hrms.utility.Log.info(Log.java:8)
	at com.hrms.utility.Log.info(Log.java:8)
	at com.hrms.utility.Log.info(Log.java:8)
	at com.hrms.utility.Log.info(Log.java:8)
	at com.hrms.utility.Log.info(Log.java:8)
	at com.hrms.utility.Log.info(Log.java:8)
	at com.hrms.utility.Log.info(Log.java:8)
	at com.hrms.utility.Log.info(Log.java:8)
	at com.hrms.utility.Log.info(Log.java:8)
	at com.hrms.utility.Log.info(Log.java:8)
	at com.hrms.utility.Log.info(Log.java:8)
	at com.hrms.utility.Log.info(Log.java:8)
	at com.hrms.utility.Log.info(Log.java:8)
	at com.hrms.utility.Log.info(Log.java:8)
	at com.hrms.utility.Log.info(Log.java:8)
	at com.hrms.utility.Log.info(Log.java:8)
	at com.hrms.utility.Log.info(Log.java:8)
	at com.hrms.utility.Log.info(Log.java:8)
	at com.hrms.utility.Log.info(Log.java:8)
	at com.hrms.utility.Log.info(Log.java:8)
	at com.hrms.utility.Log.info(Log.java:8)
	at com.hrms.utility.Log.info(Log.java:8)
	at com.hrms.utility.Log.info(Log.java:8)
	at com.hrms.utility.Log.info(Log.java:8)
	at com.hrms.utility.Log.info(Log.java:8)
	at com.hrms.utility.Log.info(Log.java:8)
	at com.hrms.utility.Log.info(Log.java:8)
	at com.hrms.utility.Log.info(Log.java:8)
	at com.hrms.utility.Log.info(Log.java:8)
	at com.hrms.utility.Log.info(Log.java:8)
	at com.hrms.utility.Log.info(Log.java:8)
	at com.hrms.utility.Log.info(Log.java:8)
	at com.hrms.utility.Log.info(Log.java:8)
	at com.hrms.utility.Log.info(Log.java:8)
	at com.hrms.utility.Log.info(Log.java:8)
	at com.hrms.utility.Log.info(Log.java:8)
	at com.hrms.utility.Log.info(Log.java:8)
	at com.hrms.utility.Log.info(Log.java:8)
	at com.hrms.utility.Log.info(Log.java:8)
	at com.hrms.utility.Log.info(Log.java:8)
	at com.hrms.utility.Log.info(Log.java:8)
	at com.hrms.utility.Log.info(Log.java:8)
	at com.hrms.utility.Log.info(Log.java:8)
	at com.hrms.utility.Log.info(Log.java:8)
	at com.hrms.utility.Log.info(Log.java:8)
	at com.hrms.utility.Log.info(Log.java:8)
	at com.hrms.utility.Log.info(Log.java:8)
	at com.hrms.utility.Log.info(Log.java:8)
	at com.hrms.utility.Log.info(Log.java:8)
	at com.hrms.utility.Log.info(Log.java:8)
	at com.hrms.utility.Log.info(Log.java:8)
	at com.hrms.utility.Log.info(Log.java:8)
	at com.hrms.utility.Log.info(Log.java:8)
	at com.hrms.utility.Log.info(Log.java:8)
	at com.hrms.utility.Log.info(Log.java:8)
	at com.hrms.utility.Log.info(Log.java:8)
	at com.hrms.utility.Log.info(Log.java:8)
	at com.hrms.utility.Log.info(Log.java:8)
	at com.hrms.utility.Log.info(Log.java:8)
	at com.hrms.utility.Log.info(Log.java:8)
	at com.hrms.utility.Log.info(Log.java:8)
	at com.hrms.utility.Log.info(Log.java:8)
	at com.hrms.utility.Log.info(Log.java:8)
	at com.hrms.utility.Log.info(Log.java:8)
	at com.hrms.utility.Log.info(Log.java:8)
	at com.hrms.utility.Log.info(Log.java:8)
	at com.hrms.utility.Log.info(Log.java:8)
	at com.hrms.utility.Log.info(Log.java:8)
	at com.hrms.utility.Log.info(Log.java:8)
	at com.hrms.utility.Log.info(Log.java:8)
	at com.hrms.utility.Log.info(Log.java:8)
	at com.hrms.utility.Log.info(Log.java:8)
]]>
    </failure>
  </testcase> <!-- Login -->
  <testcase classname="com.hrms.asc.TC002_AddEmployee" name="AddEmp" time="4.894">
    <failure type="java.lang.StackOverflowError">
      <![CDATA[java.lang.StackOverflowError
	at com.hrms.utility.Log.info(Log.java:8)
	at com.hrms.utility.Log.info(Log.java:8)
	at com.hrms.utility.Log.info(Log.java:8)
	at com.hrms.utility.Log.info(Log.java:8)
	at com.hrms.utility.Log.info(Log.java:8)
	at com.hrms.utility.Log.info(Log.java:8)
	at com.hrms.utility.Log.info(Log.java:8)
	at com.hrms.utility.Log.info(Log.java:8)
	at com.hrms.utility.Log.info(Log.java:8)
	at com.hrms.utility.Log.info(Log.java:8)
	at com.hrms.utility.Log.info(Log.java:8)
	at com.hrms.utility.Log.info(Log.java:8)
	at com.hrms.utility.Log.info(Log.java:8)
	at com.hrms.utility.Log.info(Log.java:8)
	at com.hrms.utility.Log.info(Log.java:8)
	at com.hrms.utility.Log.info(Log.java:8)
	at com.hrms.utility.Log.info(Log.java:8)
	at com.hrms.utility.Log.info(Log.java:8)
	at com.hrms.utility.Log.info(Log.java:8)
	at com.hrms.utility.Log.info(Log.java:8)
	at com.hrms.utility.Log.info(Log.java:8)
	at com.hrms.utility.Log.info(Log.java:8)
	at com.hrms.utility.Log.info(Log.java:8)
	at com.hrms.utility.Log.info(Log.java:8)
	at com.hrms.utility.Log.info(Log.java:8)
	at com.hrms.utility.Log.info(Log.java:8)
	at com.hrms.utility.Log.info(Log.java:8)
	at com.hrms.utility.Log.info(Log.java:8)
	at com.hrms.utility.Log.info(Log.java:8)
	at com.hrms.utility.Log.info(Log.java:8)
	at com.hrms.utility.Log.info(Log.java:8)
	at com.hrms.utility.Log.info(Log.java:8)
	at com.hrms.utility.Log.info(Log.java:8)
	at com.hrms.utility.Log.info(Log.java:8)
	at com.hrms.utility.Log.info(Log.java:8)
	at com.hrms.utility.Log.info(Log.java:8)
	at com.hrms.utility.Log.info(Log.java:8)
	at com.hrms.utility.Log.info(Log.java:8)
	at com.hrms.utility.Log.info(Log.java:8)
	at com.hrms.utility.Log.info(Log.java:8)
	at com.hrms.utility.Log.info(Log.java:8)
	at com.hrms.utility.Log.info(Log.java:8)
	at com.hrms.utility.Log.info(Log.java:8)
	at com.hrms.utility.Log.info(Log.java:8)
	at com.hrms.utility.Log.info(Log.java:8)
	at com.hrms.utility.Log.info(Log.java:8)
	at com.hrms.utility.Log.info(Log.java:8)
	at com.hrms.utility.Log.info(Log.java:8)
	at com.hrms.utility.Log.info(Log.java:8)
	at com.hrms.utility.Log.info(Log.java:8)
	at com.hrms.utility.Log.info(Log.java:8)
	at com.hrms.utility.Log.info(Log.java:8)
	at com.hrms.utility.Log.info(Log.java:8)
	at com.hrms.utility.Log.info(Log.java:8)
	at com.hrms.utility.Log.info(Log.java:8)
	at com.hrms.utility.Log.info(Log.java:8)
	at com.hrms.utility.Log.info(Log.java:8)
	at com.hrms.utility.Log.info(Log.java:8)
	at com.hrms.utility.Log.info(Log.java:8)
	at com.hrms.utility.Log.info(Log.java:8)
	at com.hrms.utility.Log.info(Log.java:8)
	at com.hrms.utility.Log.info(Log.java:8)
	at com.hrms.utility.Log.info(Log.java:8)
	at com.hrms.utility.Log.info(Log.java:8)
	at com.hrms.utility.Log.info(Log.java:8)
	at com.hrms.utility.Log.info(Log.java:8)
	at com.hrms.utility.Log.info(Log.java:8)
	at com.hrms.utility.Log.info(Log.java:8)
	at com.hrms.utility.Log.info(Log.java:8)
	at com.hrms.utility.Log.info(Log.java:8)
	at com.hrms.utility.Log.info(Log.java:8)
	at com.hrms.utility.Log.info(Log.java:8)
	at com.hrms.utility.Log.info(Log.java:8)
	at com.hrms.utility.Log.info(Log.java:8)
	at com.hrms.utility.Log.info(Log.java:8)
	at com.hrms.utility.Log.info(Log.java:8)
	at com.hrms.utility.Log.info(Log.java:8)
	at com.hrms.utility.Log.info(Log.java:8)
	at com.hrms.utility.Log.info(Log.java:8)
	at com.hrms.utility.Log.info(Log.java:8)
	at com.hrms.utility.Log.info(Log.java:8)
	at com.hrms.utility.Log.info(Log.java:8)
	at com.hrms.utility.Log.info(Log.java:8)
	at com.hrms.utility.Log.info(Log.java:8)
	at com.hrms.utility.Log.info(Log.java:8)
	at com.hrms.utility.Log.info(Log.java:8)
	at com.hrms.utility.Log.info(Log.java:8)
	at com.hrms.utility.Log.info(Log.java:8)
	at com.hrms.utility.Log.info(Log.java:8)
	at com.hrms.utility.Log.info(Log.java:8)
	at com.hrms.utility.Log.info(Log.java:8)
	at com.hrms.utility.Log.info(Log.java:8)
	at com.hrms.utility.Log.info(Log.java:8)
	at com.hrms.utility.Log.info(Log.java:8)
	at com.hrms.utility.Log.info(Log.java:8)
	at com.hrms.utility.Log.info(Log.java:8)
	at com.hrms.utility.Log.info(Log.java:8)
	at com.hrms.utility.Log.info(Log.java:8)
	at com.hrms.utility.Log.info(Log.java:8)
	at com.hrms.utility.Log.info(Log.java:8)
	at com.hrms.utility.Log.info(Log.java:8)
	at com.hrms.utility.Log.info(Log.java:8)
	at com.hrms.utility.Log.info(Log.java:8)
	at com.hrms.utility.Log.info(Log.java:8)
	at com.hrms.utility.Log.info(Log.java:8)
	at com.hrms.utility.Log.info(Log.java:8)
	at com.hrms.utility.Log.info(Log.java:8)
	at com.hrms.utility.Log.info(Log.java:8)
	at com.hrms.utility.Log.info(Log.java:8)
	at com.hrms.utility.Log.info(Log.java:8)
	at com.hrms.utility.Log.info(Log.java:8)
	at com.hrms.utility.Log.info(Log.java:8)
	at com.hrms.utility.Log.info(Log.java:8)
	at com.hrms.utility.Log.info(Log.java:8)
	at com.hrms.utility.Log.info(Log.java:8)
	at com.hrms.utility.Log.info(Log.java:8)
	at com.hrms.utility.Log.info(Log.java:8)
	at com.hrms.utility.Log.info(Log.java:8)
	at com.hrms.utility.Log.info(Log.java:8)
	at com.hrms.utility.Log.info(Log.java:8)
	at com.hrms.utility.Log.info(Log.java:8)
	at com.hrms.utility.Log.info(Log.java:8)
	at com.hrms.utility.Log.info(Log.java:8)
	at com.hrms.utility.Log.info(Log.java:8)
	at com.hrms.utility.Log.info(Log.java:8)
	at com.hrms.utility.Log.info(Log.java:8)
	at com.hrms.utility.Log.info(Log.java:8)
	at com.hrms.utility.Log.info(Log.java:8)
	at com.hrms.utility.Log.info(Log.java:8)
	at com.hrms.utility.Log.info(Log.java:8)
	at com.hrms.utility.Log.info(Log.java:8)
	at com.hrms.utility.Log.info(Log.java:8)
	at com.hrms.utility.Log.info(Log.java:8)
	at com.hrms.utility.Log.info(Log.java:8)
	at com.hrms.utility.Log.info(Log.java:8)
	at com.hrms.utility.Log.info(Log.java:8)
	at com.hrms.utility.Log.info(Log.java:8)
	at com.hrms.utility.Log.info(Log.java:8)
	at com.hrms.utility.Log.info(Log.java:8)
	at com.hrms.utility.Log.info(Log.java:8)
	at com.hrms.utility.Log.info(Log.java:8)
	at com.hrms.utility.Log.info(Log.java:8)
	at com.hrms.utility.Log.info(Log.java:8)
	at com.hrms.utility.Log.info(Log.java:8)
	at com.hrms.utility.Log.info(Log.java:8)
	at com.hrms.utility.Log.info(Log.java:8)
	at com.hrms.utility.Log.info(Log.java:8)
	at com.hrms.utility.Log.info(Log.java:8)
	at com.hrms.utility.Log.info(Log.java:8)
	at com.hrms.utility.Log.info(Log.java:8)
	at com.hrms.utility.Log.info(Log.java:8)
	at com.hrms.utility.Log.info(Log.java:8)
	at com.hrms.utility.Log.info(Log.java:8)
	at com.hrms.utility.Log.info(Log.java:8)
	at com.hrms.utility.Log.info(Log.java:8)
	at com.hrms.utility.Log.info(Log.java:8)
	at com.hrms.utility.Log.info(Log.java:8)
	at com.hrms.utility.Log.info(Log.java:8)
	at com.hrms.utility.Log.info(Log.java:8)
	at com.hrms.utility.Log.info(Log.java:8)
	at com.hrms.utility.Log.info(Log.java:8)
	at com.hrms.utility.Log.info(Log.java:8)
	at com.hrms.utility.Log.info(Log.java:8)
	at com.hrms.utility.Log.info(Log.java:8)
	at com.hrms.utility.Log.info(Log.java:8)
	at com.hrms.utility.Log.info(Log.java:8)
	at com.hrms.utility.Log.info(Log.java:8)
	at com.hrms.utility.Log.info(Log.java:8)
	at com.hrms.utility.Log.info(Log.java:8)
	at com.hrms.utility.Log.info(Log.java:8)
	at com.hrms.utility.Log.info(Log.java:8)
	at com.hrms.utility.Log.info(Log.java:8)
	at com.hrms.utility.Log.info(Log.java:8)
	at com.hrms.utility.Log.info(Log.java:8)
	at com.hrms.utility.Log.info(Log.java:8)
	at com.hrms.utility.Log.info(Log.java:8)
	at com.hrms.utility.Log.info(Log.java:8)
	at com.hrms.utility.Log.info(Log.java:8)
	at com.hrms.utility.Log.info(Log.java:8)
	at com.hrms.utility.Log.info(Log.java:8)
	at com.hrms.utility.Log.info(Log.java:8)
	at com.hrms.utility.Log.info(Log.java:8)
	at com.hrms.utility.Log.info(Log.java:8)
	at com.hrms.utility.Log.info(Log.java:8)
	at com.hrms.utility.Log.info(Log.java:8)
	at com.hrms.utility.Log.info(Log.java:8)
	at com.hrms.utility.Log.info(Log.java:8)
	at com.hrms.utility.Log.info(Log.java:8)
	at com.hrms.utility.Log.info(Log.java:8)
	at com.hrms.utility.Log.info(Log.java:8)
	at com.hrms.utility.Log.info(Log.java:8)
	at com.hrms.utility.Log.info(Log.java:8)
	at com.hrms.utility.Log.info(Log.java:8)
	at com.hrms.utility.Log.info(Log.java:8)
	at com.hrms.utility.Log.info(Log.java:8)
	at com.hrms.utility.Log.info(Log.java:8)
	at com.hrms.utility.Log.info(Log.java:8)
	at com.hrms.utility.Log.info(Log.java:8)
	at com.hrms.utility.Log.info(Log.java:8)
	at com.hrms.utility.Log.info(Log.java:8)
	at com.hrms.utility.Log.info(Log.java:8)
	at com.hrms.utility.Log.info(Log.java:8)
	at com.hrms.utility.Log.info(Log.java:8)
	at com.hrms.utility.Log.info(Log.java:8)
	at com.hrms.utility.Log.info(Log.java:8)
	at com.hrms.utility.Log.info(Log.java:8)
	at com.hrms.utility.Log.info(Log.java:8)
	at com.hrms.utility.Log.info(Log.java:8)
	at com.hrms.utility.Log.info(Log.java:8)
	at com.hrms.utility.Log.info(Log.java:8)
	at com.hrms.utility.Log.info(Log.java:8)
	at com.hrms.utility.Log.info(Log.java:8)
	at com.hrms.utility.Log.info(Log.java:8)
	at com.hrms.utility.Log.info(Log.java:8)
	at com.hrms.utility.Log.info(Log.java:8)
	at com.hrms.utility.Log.info(Log.java:8)
	at com.hrms.utility.Log.info(Log.java:8)
	at com.hrms.utility.Log.info(Log.java:8)
	at com.hrms.utility.Log.info(Log.java:8)
	at com.hrms.utility.Log.info(Log.java:8)
	at com.hrms.utility.Log.info(Log.java:8)
	at com.hrms.utility.Log.info(Log.java:8)
	at com.hrms.utility.Log.info(Log.java:8)
	at com.hrms.utility.Log.info(Log.java:8)
	at com.hrms.utility.Log.info(Log.java:8)
	at com.hrms.utility.Log.info(Log.java:8)
	at com.hrms.utility.Log.info(Log.java:8)
	at com.hrms.utility.Log.info(Log.java:8)
	at com.hrms.utility.Log.info(Log.java:8)
	at com.hrms.utility.Log.info(Log.java:8)
	at com.hrms.utility.Log.info(Log.java:8)
	at com.hrms.utility.Log.info(Log.java:8)
	at com.hrms.utility.Log.info(Log.java:8)
	at com.hrms.utility.Log.info(Log.java:8)
	at com.hrms.utility.Log.info(Log.java:8)
	at com.hrms.utility.Log.info(Log.java:8)
	at com.hrms.utility.Log.info(Log.java:8)
	at com.hrms.utility.Log.info(Log.java:8)
	at com.hrms.utility.Log.info(Log.java:8)
	at com.hrms.utility.Log.info(Log.java:8)
	at com.hrms.utility.Log.info(Log.java:8)
	at com.hrms.utility.Log.info(Log.java:8)
	at com.hrms.utility.Log.info(Log.java:8)
	at com.hrms.utility.Log.info(Log.java:8)
	at com.hrms.utility.Log.info(Log.java:8)
	at com.hrms.utility.Log.info(Log.java:8)
	at com.hrms.utility.Log.info(Log.java:8)
	at com.hrms.utility.Log.info(Log.java:8)
	at com.hrms.utility.Log.info(Log.java:8)
	at com.hrms.utility.Log.info(Log.java:8)
	at com.hrms.utility.Log.info(Log.java:8)
	at com.hrms.utility.Log.info(Log.java:8)
	at com.hrms.utility.Log.info(Log.java:8)
	at com.hrms.utility.Log.info(Log.java:8)
	at com.hrms.utility.Log.info(Log.java:8)
	at com.hrms.utility.Log.info(Log.java:8)
	at com.hrms.utility.Log.info(Log.java:8)
	at com.hrms.utility.Log.info(Log.java:8)
	at com.hrms.utility.Log.info(Log.java:8)
	at com.hrms.utility.Log.info(Log.java:8)
	at com.hrms.utility.Log.info(Log.java:8)
	at com.hrms.utility.Log.info(Log.java:8)
	at com.hrms.utility.Log.info(Log.java:8)
	at com.hrms.utility.Log.info(Log.java:8)
	at com.hrms.utility.Log.info(Log.java:8)
	at com.hrms.utility.Log.info(Log.java:8)
	at com.hrms.utility.Log.info(Log.java:8)
	at com.hrms.utility.Log.info(Log.java:8)
	at com.hrms.utility.Log.info(Log.java:8)
	at com.hrms.utility.Log.info(Log.java:8)
	at com.hrms.utility.Log.info(Log.java:8)
	at com.hrms.utility.Log.info(Log.java:8)
	at com.hrms.utility.Log.info(Log.java:8)
	at com.hrms.utility.Log.info(Log.java:8)
	at com.hrms.utility.Log.info(Log.java:8)
	at com.hrms.utility.Log.info(Log.java:8)
	at com.hrms.utility.Log.info(Log.java:8)
	at com.hrms.utility.Log.info(Log.java:8)
	at com.hrms.utility.Log.info(Log.java:8)
	at com.hrms.utility.Log.info(Log.java:8)
	at com.hrms.utility.Log.info(Log.java:8)
	at com.hrms.utility.Log.info(Log.java:8)
	at com.hrms.utility.Log.info(Log.java:8)
	at com.hrms.utility.Log.info(Log.java:8)
	at com.hrms.utility.Log.info(Log.java:8)
	at com.hrms.utility.Log.info(Log.java:8)
	at com.hrms.utility.Log.info(Log.java:8)
	at com.hrms.utility.Log.info(Log.java:8)
	at com.hrms.utility.Log.info(Log.java:8)
	at com.hrms.utility.Log.info(Log.java:8)
	at com.hrms.utility.Log.info(Log.java:8)
	at com.hrms.utility.Log.info(Log.java:8)
	at com.hrms.utility.Log.info(Log.java:8)
	at com.hrms.utility.Log.info(Log.java:8)
	at com.hrms.utility.Log.info(Log.java:8)
	at com.hrms.utility.Log.info(Log.java:8)
	at com.hrms.utility.Log.info(Log.java:8)
	at com.hrms.utility.Log.info(Log.java:8)
	at com.hrms.utility.Log.info(Log.java:8)
	at com.hrms.utility.Log.info(Log.java:8)
	at com.hrms.utility.Log.info(Log.java:8)
	at com.hrms.utility.Log.info(Log.java:8)
	at com.hrms.utility.Log.info(Log.java:8)
	at com.hrms.utility.Log.info(Log.java:8)
	at com.hrms.utility.Log.info(Log.java:8)
	at com.hrms.utility.Log.info(Log.java:8)
	at com.hrms.utility.Log.info(Log.java:8)
	at com.hrms.utility.Log.info(Log.java:8)
	at com.hrms.utility.Log.info(Log.java:8)
	at com.hrms.utility.Log.info(Log.java:8)
	at com.hrms.utility.Log.info(Log.java:8)
	at com.hrms.utility.Log.info(Log.java:8)
	at com.hrms.utility.Log.info(Log.java:8)
	at com.hrms.utility.Log.info(Log.java:8)
	at com.hrms.utility.Log.info(Log.java:8)
	at com.hrms.utility.Log.info(Log.java:8)
	at com.hrms.utility.Log.info(Log.java:8)
	at com.hrms.utility.Log.info(Log.java:8)
	at com.hrms.utility.Log.info(Log.java:8)
	at com.hrms.utility.Log.info(Log.java:8)
	at com.hrms.utility.Log.info(Log.java:8)
	at com.hrms.utility.Log.info(Log.java:8)
	at com.hrms.utility.Log.info(Log.java:8)
	at com.hrms.utility.Log.info(Log.java:8)
	at com.hrms.utility.Log.info(Log.java:8)
	at com.hrms.utility.Log.info(Log.java:8)
	at com.hrms.utility.Log.info(Log.java:8)
	at com.hrms.utility.Log.info(Log.java:8)
	at com.hrms.utility.Log.info(Log.java:8)
	at com.hrms.utility.Log.info(Log.java:8)
	at com.hrms.utility.Log.info(Log.java:8)
	at com.hrms.utility.Log.info(Log.java:8)
	at com.hrms.utility.Log.info(Log.java:8)
	at com.hrms.utility.Log.info(Log.java:8)
	at com.hrms.utility.Log.info(Log.java:8)
	at com.hrms.utility.Log.info(Log.java:8)
	at com.hrms.utility.Log.info(Log.java:8)
	at com.hrms.utility.Log.info(Log.java:8)
	at com.hrms.utility.Log.info(Log.java:8)
	at com.hrms.utility.Log.info(Log.java:8)
	at com.hrms.utility.Log.info(Log.java:8)
	at com.hrms.utility.Log.info(Log.java:8)
	at com.hrms.utility.Log.info(Log.java:8)
	at com.hrms.utility.Log.info(Log.java:8)
	at com.hrms.utility.Log.info(Log.java:8)
	at com.hrms.utility.Log.info(Log.java:8)
	at com.hrms.utility.Log.info(Log.java:8)
	at com.hrms.utility.Log.info(Log.java:8)
	at com.hrms.utility.Log.info(Log.java:8)
	at com.hrms.utility.Log.info(Log.java:8)
	at com.hrms.utility.Log.info(Log.java:8)
	at com.hrms.utility.Log.info(Log.java:8)
	at com.hrms.utility.Log.info(Log.java:8)
	at com.hrms.utility.Log.info(Log.java:8)
	at com.hrms.utility.Log.info(Log.java:8)
	at com.hrms.utility.Log.info(Log.java:8)
	at com.hrms.utility.Log.info(Log.java:8)
	at com.hrms.utility.Log.info(Log.java:8)
	at com.hrms.utility.Log.info(Log.java:8)
	at com.hrms.utility.Log.info(Log.java:8)
	at com.hrms.utility.Log.info(Log.java:8)
	at com.hrms.utility.Log.info(Log.java:8)
	at com.hrms.utility.Log.info(Log.java:8)
	at com.hrms.utility.Log.info(Log.java:8)
	at com.hrms.utility.Log.info(Log.java:8)
	at com.hrms.utility.Log.info(Log.java:8)
	at com.hrms.utility.Log.info(Log.java:8)
	at com.hrms.utility.Log.info(Log.java:8)
	at com.hrms.utility.Log.info(Log.java:8)
	at com.hrms.utility.Log.info(Log.java:8)
	at com.hrms.utility.Log.info(Log.java:8)
	at com.hrms.utility.Log.info(Log.java:8)
	at com.hrms.utility.Log.info(Log.java:8)
	at com.hrms.utility.Log.info(Log.java:8)
	at com.hrms.utility.Log.info(Log.java:8)
	at com.hrms.utility.Log.info(Log.java:8)
	at com.hrms.utility.Log.info(Log.java:8)
	at com.hrms.utility.Log.info(Log.java:8)
	at com.hrms.utility.Log.info(Log.java:8)
	at com.hrms.utility.Log.info(Log.java:8)
	at com.hrms.utility.Log.info(Log.java:8)
	at com.hrms.utility.Log.info(Log.java:8)
	at com.hrms.utility.Log.info(Log.java:8)
	at com.hrms.utility.Log.info(Log.java:8)
	at com.hrms.utility.Log.info(Log.java:8)
	at com.hrms.utility.Log.info(Log.java:8)
	at com.hrms.utility.Log.info(Log.java:8)
	at com.hrms.utility.Log.info(Log.java:8)
	at com.hrms.utility.Log.info(Log.java:8)
	at com.hrms.utility.Log.info(Log.java:8)
	at com.hrms.utility.Log.info(Log.java:8)
	at com.hrms.utility.Log.info(Log.java:8)
	at com.hrms.utility.Log.info(Log.java:8)
	at com.hrms.utility.Log.info(Log.java:8)
	at com.hrms.utility.Log.info(Log.java:8)
	at com.hrms.utility.Log.info(Log.java:8)
	at com.hrms.utility.Log.info(Log.java:8)
	at com.hrms.utility.Log.info(Log.java:8)
	at com.hrms.utility.Log.info(Log.java:8)
	at com.hrms.utility.Log.info(Log.java:8)
	at com.hrms.utility.Log.info(Log.java:8)
	at com.hrms.utility.Log.info(Log.java:8)
	at com.hrms.utility.Log.info(Log.java:8)
	at com.hrms.utility.Log.info(Log.java:8)
	at com.hrms.utility.Log.info(Log.java:8)
	at com.hrms.utility.Log.info(Log.java:8)
	at com.hrms.utility.Log.info(Log.java:8)
	at com.hrms.utility.Log.info(Log.java:8)
	at com.hrms.utility.Log.info(Log.java:8)
	at com.hrms.utility.Log.info(Log.java:8)
	at com.hrms.utility.Log.info(Log.java:8)
	at com.hrms.utility.Log.info(Log.java:8)
	at com.hrms.utility.Log.info(Log.java:8)
	at com.hrms.utility.Log.info(Log.java:8)
	at com.hrms.utility.Log.info(Log.java:8)
	at com.hrms.utility.Log.info(Log.java:8)
	at com.hrms.utility.Log.info(Log.java:8)
	at com.hrms.utility.Log.info(Log.java:8)
	at com.hrms.utility.Log.info(Log.java:8)
	at com.hrms.utility.Log.info(Log.java:8)
	at com.hrms.utility.Log.info(Log.java:8)
	at com.hrms.utility.Log.info(Log.java:8)
	at com.hrms.utility.Log.info(Log.java:8)
	at com.hrms.utility.Log.info(Log.java:8)
	at com.hrms.utility.Log.info(Log.java:8)
	at com.hrms.utility.Log.info(Log.java:8)
	at com.hrms.utility.Log.info(Log.java:8)
	at com.hrms.utility.Log.info(Log.java:8)
	at com.hrms.utility.Log.info(Log.java:8)
	at com.hrms.utility.Log.info(Log.java:8)
	at com.hrms.utility.Log.info(Log.java:8)
	at com.hrms.utility.Log.info(Log.java:8)
	at com.hrms.utility.Log.info(Log.java:8)
	at com.hrms.utility.Log.info(Log.java:8)
	at com.hrms.utility.Log.info(Log.java:8)
	at com.hrms.utility.Log.info(Log.java:8)
	at com.hrms.utility.Log.info(Log.java:8)
	at com.hrms.utility.Log.info(Log.java:8)
	at com.hrms.utility.Log.info(Log.java:8)
	at com.hrms.utility.Log.info(Log.java:8)
	at com.hrms.utility.Log.info(Log.java:8)
	at com.hrms.utility.Log.info(Log.java:8)
	at com.hrms.utility.Log.info(Log.java:8)
	at com.hrms.utility.Log.info(Log.java:8)
	at com.hrms.utility.Log.info(Log.java:8)
	at com.hrms.utility.Log.info(Log.java:8)
	at com.hrms.utility.Log.info(Log.java:8)
	at com.hrms.utility.Log.info(Log.java:8)
	at com.hrms.utility.Log.info(Log.java:8)
	at com.hrms.utility.Log.info(Log.java:8)
	at com.hrms.utility.Log.info(Log.java:8)
	at com.hrms.utility.Log.info(Log.java:8)
	at com.hrms.utility.Log.info(Log.java:8)
	at com.hrms.utility.Log.info(Log.java:8)
	at com.hrms.utility.Log.info(Log.java:8)
	at com.hrms.utility.Log.info(Log.java:8)
	at com.hrms.utility.Log.info(Log.java:8)
	at com.hrms.utility.Log.info(Log.java:8)
	at com.hrms.utility.Log.info(Log.java:8)
	at com.hrms.utility.Log.info(Log.java:8)
	at com.hrms.utility.Log.info(Log.java:8)
	at com.hrms.utility.Log.info(Log.java:8)
	at com.hrms.utility.Log.info(Log.java:8)
	at com.hrms.utility.Log.info(Log.java:8)
	at com.hrms.utility.Log.info(Log.java:8)
	at com.hrms.utility.Log.info(Log.java:8)
	at com.hrms.utility.Log.info(Log.java:8)
	at com.hrms.utility.Log.info(Log.java:8)
	at com.hrms.utility.Log.info(Log.java:8)
	at com.hrms.utility.Log.info(Log.java:8)
	at com.hrms.utility.Log.info(Log.java:8)
	at com.hrms.utility.Log.info(Log.java:8)
	at com.hrms.utility.Log.info(Log.java:8)
	at com.hrms.utility.Log.info(Log.java:8)
	at com.hrms.utility.Log.info(Log.java:8)
	at com.hrms.utility.Log.info(Log.java:8)
	at com.hrms.utility.Log.info(Log.java:8)
	at com.hrms.utility.Log.info(Log.java:8)
	at com.hrms.utility.Log.info(Log.java:8)
	at com.hrms.utility.Log.info(Log.java:8)
	at com.hrms.utility.Log.info(Log.java:8)
	at com.hrms.utility.Log.info(Log.java:8)
	at com.hrms.utility.Log.info(Log.java:8)
	at com.hrms.utility.Log.info(Log.java:8)
	at com.hrms.utility.Log.info(Log.java:8)
	at com.hrms.utility.Log.info(Log.java:8)
	at com.hrms.utility.Log.info(Log.java:8)
	at com.hrms.utility.Log.info(Log.java:8)
	at com.hrms.utility.Log.info(Log.java:8)
	at com.hrms.utility.Log.info(Log.java:8)
	at com.hrms.utility.Log.info(Log.java:8)
	at com.hrms.utility.Log.info(Log.java:8)
	at com.hrms.utility.Log.info(Log.java:8)
	at com.hrms.utility.Log.info(Log.java:8)
	at com.hrms.utility.Log.info(Log.java:8)
	at com.hrms.utility.Log.info(Log.java:8)
	at com.hrms.utility.Log.info(Log.java:8)
	at com.hrms.utility.Log.info(Log.java:8)
	at com.hrms.utility.Log.info(Log.java:8)
	at com.hrms.utility.Log.info(Log.java:8)
	at com.hrms.utility.Log.info(Log.java:8)
	at com.hrms.utility.Log.info(Log.java:8)
	at com.hrms.utility.Log.info(Log.java:8)
	at com.hrms.utility.Log.info(Log.java:8)
	at com.hrms.utility.Log.info(Log.java:8)
	at com.hrms.utility.Log.info(Log.java:8)
	at com.hrms.utility.Log.info(Log.java:8)
	at com.hrms.utility.Log.info(Log.java:8)
	at com.hrms.utility.Log.info(Log.java:8)
	at com.hrms.utility.Log.info(Log.java:8)
	at com.hrms.utility.Log.info(Log.java:8)
	at com.hrms.utility.Log.info(Log.java:8)
	at com.hrms.utility.Log.info(Log.java:8)
	at com.hrms.utility.Log.info(Log.java:8)
	at com.hrms.utility.Log.info(Log.java:8)
	at com.hrms.utility.Log.info(Log.java:8)
	at com.hrms.utility.Log.info(Log.java:8)
	at com.hrms.utility.Log.info(Log.java:8)
	at com.hrms.utility.Log.info(Log.java:8)
	at com.hrms.utility.Log.info(Log.java:8)
	at com.hrms.utility.Log.info(Log.java:8)
	at com.hrms.utility.Log.info(Log.java:8)
	at com.hrms.utility.Log.info(Log.java:8)
	at com.hrms.utility.Log.info(Log.java:8)
	at com.hrms.utility.Log.info(Log.java:8)
	at com.hrms.utility.Log.info(Log.java:8)
	at com.hrms.utility.Log.info(Log.java:8)
	at com.hrms.utility.Log.info(Log.java:8)
	at com.hrms.utility.Log.info(Log.java:8)
	at com.hrms.utility.Log.info(Log.java:8)
	at com.hrms.utility.Log.info(Log.java:8)
	at com.hrms.utility.Log.info(Log.java:8)
	at com.hrms.utility.Log.info(Log.java:8)
	at com.hrms.utility.Log.info(Log.java:8)
	at com.hrms.utility.Log.info(Log.java:8)
	at com.hrms.utility.Log.info(Log.java:8)
	at com.hrms.utility.Log.info(Log.java:8)
	at com.hrms.utility.Log.info(Log.java:8)
	at com.hrms.utility.Log.info(Log.java:8)
	at com.hrms.utility.Log.info(Log.java:8)
	at com.hrms.utility.Log.info(Log.java:8)
	at com.hrms.utility.Log.info(Log.java:8)
	at com.hrms.utility.Log.info(Log.java:8)
	at com.hrms.utility.Log.info(Log.java:8)
	at com.hrms.utility.Log.info(Log.java:8)
	at com.hrms.utility.Log.info(Log.java:8)
	at com.hrms.utility.Log.info(Log.java:8)
	at com.hrms.utility.Log.info(Log.java:8)
	at com.hrms.utility.Log.info(Log.java:8)
	at com.hrms.utility.Log.info(Log.java:8)
	at com.hrms.utility.Log.info(Log.java:8)
	at com.hrms.utility.Log.info(Log.java:8)
	at com.hrms.utility.Log.info(Log.java:8)
	at com.hrms.utility.Log.info(Log.java:8)
	at com.hrms.utility.Log.info(Log.java:8)
	at com.hrms.utility.Log.info(Log.java:8)
	at com.hrms.utility.Log.info(Log.java:8)
	at com.hrms.utility.Log.info(Log.java:8)
	at com.hrms.utility.Log.info(Log.java:8)
	at com.hrms.utility.Log.info(Log.java:8)
	at com.hrms.utility.Log.info(Log.java:8)
	at com.hrms.utility.Log.info(Log.java:8)
	at com.hrms.utility.Log.info(Log.java:8)
	at com.hrms.utility.Log.info(Log.java:8)
	at com.hrms.utility.Log.info(Log.java:8)
	at com.hrms.utility.Log.info(Log.java:8)
	at com.hrms.utility.Log.info(Log.java:8)
	at com.hrms.utility.Log.info(Log.java:8)
	at com.hrms.utility.Log.info(Log.java:8)
	at com.hrms.utility.Log.info(Log.java:8)
	at com.hrms.utility.Log.info(Log.java:8)
	at com.hrms.utility.Log.info(Log.java:8)
	at com.hrms.utility.Log.info(Log.java:8)
	at com.hrms.utility.Log.info(Log.java:8)
	at com.hrms.utility.Log.info(Log.java:8)
	at com.hrms.utility.Log.info(Log.java:8)
	at com.hrms.utility.Log.info(Log.java:8)
	at com.hrms.utility.Log.info(Log.java:8)
	at com.hrms.utility.Log.info(Log.java:8)
	at com.hrms.utility.Log.info(Log.java:8)
	at com.hrms.utility.Log.info(Log.java:8)
	at com.hrms.utility.Log.info(Log.java:8)
	at com.hrms.utility.Log.info(Log.java:8)
	at com.hrms.utility.Log.info(Log.java:8)
	at com.hrms.utility.Log.info(Log.java:8)
	at com.hrms.utility.Log.info(Log.java:8)
	at com.hrms.utility.Log.info(Log.java:8)
	at com.hrms.utility.Log.info(Log.java:8)
	at com.hrms.utility.Log.info(Log.java:8)
	at com.hrms.utility.Log.info(Log.java:8)
	at com.hrms.utility.Log.info(Log.java:8)
	at com.hrms.utility.Log.info(Log.java:8)
	at com.hrms.utility.Log.info(Log.java:8)
	at com.hrms.utility.Log.info(Log.java:8)
	at com.hrms.utility.Log.info(Log.java:8)
	at com.hrms.utility.Log.info(Log.java:8)
	at com.hrms.utility.Log.info(Log.java:8)
	at com.hrms.utility.Log.info(Log.java:8)
	at com.hrms.utility.Log.info(Log.java:8)
	at com.hrms.utility.Log.info(Log.java:8)
	at com.hrms.utility.Log.info(Log.java:8)
	at com.hrms.utility.Log.info(Log.java:8)
	at com.hrms.utility.Log.info(Log.java:8)
	at com.hrms.utility.Log.info(Log.java:8)
	at com.hrms.utility.Log.info(Log.java:8)
	at com.hrms.utility.Log.info(Log.java:8)
	at com.hrms.utility.Log.info(Log.java:8)
	at com.hrms.utility.Log.info(Log.java:8)
	at com.hrms.utility.Log.info(Log.java:8)
	at com.hrms.utility.Log.info(Log.java:8)
	at com.hrms.utility.Log.info(Log.java:8)
	at com.hrms.utility.Log.info(Log.java:8)
	at com.hrms.utility.Log.info(Log.java:8)
	at com.hrms.utility.Log.info(Log.java:8)
	at com.hrms.utility.Log.info(Log.java:8)
	at com.hrms.utility.Log.info(Log.java:8)
	at com.hrms.utility.Log.info(Log.java:8)
	at com.hrms.utility.Log.info(Log.java:8)
	at com.hrms.utility.Log.info(Log.java:8)
	at com.hrms.utility.Log.info(Log.java:8)
	at com.hrms.utility.Log.info(Log.java:8)
	at com.hrms.utility.Log.info(Log.java:8)
	at com.hrms.utility.Log.info(Log.java:8)
	at com.hrms.utility.Log.info(Log.java:8)
	at com.hrms.utility.Log.info(Log.java:8)
	at com.hrms.utility.Log.info(Log.java:8)
	at com.hrms.utility.Log.info(Log.java:8)
	at com.hrms.utility.Log.info(Log.java:8)
	at com.hrms.utility.Log.info(Log.java:8)
	at com.hrms.utility.Log.info(Log.java:8)
	at com.hrms.utility.Log.info(Log.java:8)
	at com.hrms.utility.Log.info(Log.java:8)
	at com.hrms.utility.Log.info(Log.java:8)
	at com.hrms.utility.Log.info(Log.java:8)
	at com.hrms.utility.Log.info(Log.java:8)
	at com.hrms.utility.Log.info(Log.java:8)
	at com.hrms.utility.Log.info(Log.java:8)
	at com.hrms.utility.Log.info(Log.java:8)
	at com.hrms.utility.Log.info(Log.java:8)
	at com.hrms.utility.Log.info(Log.java:8)
	at com.hrms.utility.Log.info(Log.java:8)
	at com.hrms.utility.Log.info(Log.java:8)
	at com.hrms.utility.Log.info(Log.java:8)
	at com.hrms.utility.Log.info(Log.java:8)
	at com.hrms.utility.Log.info(Log.java:8)
	at com.hrms.utility.Log.info(Log.java:8)
	at com.hrms.utility.Log.info(Log.java:8)
	at com.hrms.utility.Log.info(Log.java:8)
	at com.hrms.utility.Log.info(Log.java:8)
	at com.hrms.utility.Log.info(Log.java:8)
	at com.hrms.utility.Log.info(Log.java:8)
	at com.hrms.utility.Log.info(Log.java:8)
	at com.hrms.utility.Log.info(Log.java:8)
	at com.hrms.utility.Log.info(Log.java:8)
	at com.hrms.utility.Log.info(Log.java:8)
	at com.hrms.utility.Log.info(Log.java:8)
	at com.hrms.utility.Log.info(Log.java:8)
	at com.hrms.utility.Log.info(Log.java:8)
	at com.hrms.utility.Log.info(Log.java:8)
	at com.hrms.utility.Log.info(Log.java:8)
	at com.hrms.utility.Log.info(Log.java:8)
	at com.hrms.utility.Log.info(Log.java:8)
	at com.hrms.utility.Log.info(Log.java:8)
	at com.hrms.utility.Log.info(Log.java:8)
	at com.hrms.utility.Log.info(Log.java:8)
	at com.hrms.utility.Log.info(Log.java:8)
	at com.hrms.utility.Log.info(Log.java:8)
	at com.hrms.utility.Log.info(Log.java:8)
	at com.hrms.utility.Log.info(Log.java:8)
	at com.hrms.utility.Log.info(Log.java:8)
	at com.hrms.utility.Log.info(Log.java:8)
	at com.hrms.utility.Log.info(Log.java:8)
	at com.hrms.utility.Log.info(Log.java:8)
	at com.hrms.utility.Log.info(Log.java:8)
	at com.hrms.utility.Log.info(Log.java:8)
	at com.hrms.utility.Log.info(Log.java:8)
	at com.hrms.utility.Log.info(Log.java:8)
	at com.hrms.utility.Log.info(Log.java:8)
	at com.hrms.utility.Log.info(Log.java:8)
	at com.hrms.utility.Log.info(Log.java:8)
	at com.hrms.utility.Log.info(Log.java:8)
	at com.hrms.utility.Log.info(Log.java:8)
	at com.hrms.utility.Log.info(Log.java:8)
	at com.hrms.utility.Log.info(Log.java:8)
	at com.hrms.utility.Log.info(Log.java:8)
	at com.hrms.utility.Log.info(Log.java:8)
	at com.hrms.utility.Log.info(Log.java:8)
	at com.hrms.utility.Log.info(Log.java:8)
	at com.hrms.utility.Log.info(Log.java:8)
	at com.hrms.utility.Log.info(Log.java:8)
	at com.hrms.utility.Log.info(Log.java:8)
	at com.hrms.utility.Log.info(Log.java:8)
	at com.hrms.utility.Log.info(Log.java:8)
	at com.hrms.utility.Log.info(Log.java:8)
	at com.hrms.utility.Log.info(Log.java:8)
	at com.hrms.utility.Log.info(Log.java:8)
	at com.hrms.utility.Log.info(Log.java:8)
	at com.hrms.utility.Log.info(Log.java:8)
	at com.hrms.utility.Log.info(Log.java:8)
	at com.hrms.utility.Log.info(Log.java:8)
	at com.hrms.utility.Log.info(Log.java:8)
	at com.hrms.utility.Log.info(Log.java:8)
	at com.hrms.utility.Log.info(Log.java:8)
	at com.hrms.utility.Log.info(Log.java:8)
	at com.hrms.utility.Log.info(Log.java:8)
	at com.hrms.utility.Log.info(Log.java:8)
	at com.hrms.utility.Log.info(Log.java:8)
	at com.hrms.utility.Log.info(Log.java:8)
	at com.hrms.utility.Log.info(Log.java:8)
	at com.hrms.utility.Log.info(Log.java:8)
	at com.hrms.utility.Log.info(Log.java:8)
	at com.hrms.utility.Log.info(Log.java:8)
	at com.hrms.utility.Log.info(Log.java:8)
	at com.hrms.utility.Log.info(Log.java:8)
	at com.hrms.utility.Log.info(Log.java:8)
	at com.hrms.utility.Log.info(Log.java:8)
	at com.hrms.utility.Log.info(Log.java:8)
	at com.hrms.utility.Log.info(Log.java:8)
	at com.hrms.utility.Log.info(Log.java:8)
	at com.hrms.utility.Log.info(Log.java:8)
	at com.hrms.utility.Log.info(Log.java:8)
	at com.hrms.utility.Log.info(Log.java:8)
	at com.hrms.utility.Log.info(Log.java:8)
	at com.hrms.utility.Log.info(Log.java:8)
	at com.hrms.utility.Log.info(Log.java:8)
	at com.hrms.utility.Log.info(Log.java:8)
	at com.hrms.utility.Log.info(Log.java:8)
	at com.hrms.utility.Log.info(Log.java:8)
	at com.hrms.utility.Log.info(Log.java:8)
	at com.hrms.utility.Log.info(Log.java:8)
	at com.hrms.utility.Log.info(Log.java:8)
	at com.hrms.utility.Log.info(Log.java:8)
	at com.hrms.utility.Log.info(Log.java:8)
	at com.hrms.utility.Log.info(Log.java:8)
	at com.hrms.utility.Log.info(Log.java:8)
	at com.hrms.utility.Log.info(Log.java:8)
	at com.hrms.utility.Log.info(Log.java:8)
	at com.hrms.utility.Log.info(Log.java:8)
	at com.hrms.utility.Log.info(Log.java:8)
	at com.hrms.utility.Log.info(Log.java:8)
	at com.hrms.utility.Log.info(Log.java:8)
	at com.hrms.utility.Log.info(Log.java:8)
	at com.hrms.utility.Log.info(Log.java:8)
	at com.hrms.utility.Log.info(Log.java:8)
	at com.hrms.utility.Log.info(Log.java:8)
	at com.hrms.utility.Log.info(Log.java:8)
	at com.hrms.utility.Log.info(Log.java:8)
	at com.hrms.utility.Log.info(Log.java:8)
	at com.hrms.utility.Log.info(Log.java:8)
	at com.hrms.utility.Log.info(Log.java:8)
	at com.hrms.utility.Log.info(Log.java:8)
	at com.hrms.utility.Log.info(Log.java:8)
	at com.hrms.utility.Log.info(Log.java:8)
	at com.hrms.utility.Log.info(Log.java:8)
	at com.hrms.utility.Log.info(Log.java:8)
	at com.hrms.utility.Log.info(Log.java:8)
	at com.hrms.utility.Log.info(Log.java:8)
	at com.hrms.utility.Log.info(Log.java:8)
	at com.hrms.utility.Log.info(Log.java:8)
	at com.hrms.utility.Log.info(Log.java:8)
	at com.hrms.utility.Log.info(Log.java:8)
	at com.hrms.utility.Log.info(Log.java:8)
	at com.hrms.utility.Log.info(Log.java:8)
	at com.hrms.utility.Log.info(Log.java:8)
	at com.hrms.utility.Log.info(Log.java:8)
	at com.hrms.utility.Log.info(Log.java:8)
	at com.hrms.utility.Log.info(Log.java:8)
	at com.hrms.utility.Log.info(Log.java:8)
	at com.hrms.utility.Log.info(Log.java:8)
	at com.hrms.utility.Log.info(Log.java:8)
	at com.hrms.utility.Log.info(Log.java:8)
	at com.hrms.utility.Log.info(Log.java:8)
	at com.hrms.utility.Log.info(Log.java:8)
	at com.hrms.utility.Log.info(Log.java:8)
	at com.hrms.utility.Log.info(Log.java:8)
	at com.hrms.utility.Log.info(Log.java:8)
	at com.hrms.utility.Log.info(Log.java:8)
	at com.hrms.utility.Log.info(Log.java:8)
	at com.hrms.utility.Log.info(Log.java:8)
	at com.hrms.utility.Log.info(Log.java:8)
	at com.hrms.utility.Log.info(Log.java:8)
	at com.hrms.utility.Log.info(Log.java:8)
	at com.hrms.utility.Log.info(Log.java:8)
	at com.hrms.utility.Log.info(Log.java:8)
	at com.hrms.utility.Log.info(Log.java:8)
	at com.hrms.utility.Log.info(Log.java:8)
	at com.hrms.utility.Log.info(Log.java:8)
	at com.hrms.utility.Log.info(Log.java:8)
	at com.hrms.utility.Log.info(Log.java:8)
	at com.hrms.utility.Log.info(Log.java:8)
	at com.hrms.utility.Log.info(Log.java:8)
	at com.hrms.utility.Log.info(Log.java:8)
	at com.hrms.utility.Log.info(Log.java:8)
	at com.hrms.utility.Log.info(Log.java:8)
	at com.hrms.utility.Log.info(Log.java:8)
	at com.hrms.utility.Log.info(Log.java:8)
	at com.hrms.utility.Log.info(Log.java:8)
	at com.hrms.utility.Log.info(Log.java:8)
	at com.hrms.utility.Log.info(Log.java:8)
	at com.hrms.utility.Log.info(Log.java:8)
	at com.hrms.utility.Log.info(Log.java:8)
	at com.hrms.utility.Log.info(Log.java:8)
	at com.hrms.utility.Log.info(Log.java:8)
	at com.hrms.utility.Log.info(Log.java:8)
	at com.hrms.utility.Log.info(Log.java:8)
	at com.hrms.utility.Log.info(Log.java:8)
	at com.hrms.utility.Log.info(Log.java:8)
	at com.hrms.utility.Log.info(Log.java:8)
	at com.hrms.utility.Log.info(Log.java:8)
	at com.hrms.utility.Log.info(Log.java:8)
	at com.hrms.utility.Log.info(Log.java:8)
	at com.hrms.utility.Log.info(Log.java:8)
	at com.hrms.utility.Log.info(Log.java:8)
	at com.hrms.utility.Log.info(Log.java:8)
	at com.hrms.utility.Log.info(Log.java:8)
	at com.hrms.utility.Log.info(Log.java:8)
	at com.hrms.utility.Log.info(Log.java:8)
	at com.hrms.utility.Log.info(Log.java:8)
	at com.hrms.utility.Log.info(Log.java:8)
	at com.hrms.utility.Log.info(Log.java:8)
	at com.hrms.utility.Log.info(Log.java:8)
[...]
	at com.hrms.utility.Log.info(Log.java:8)
	at com.hrms.utility.Log.info(Log.java:8)
	at com.hrms.utility.Log.info(Log.java:8)
	at com.hrms.utility.Log.info(Log.java:8)
	at com.hrms.utility.Log.info(Log.java:8)
	at com.hrms.utility.Log.info(Log.java:8)
	at com.hrms.utility.Log.info(Log.java:8)
	at com.hrms.utility.Log.info(Log.java:8)
	at com.hrms.utility.Log.info(Log.java:8)
	at com.hrms.utility.Log.info(Log.java:8)
	at com.hrms.utility.Log.info(Log.java:8)
	at com.hrms.utility.Log.info(Log.java:8)
	at com.hrms.utility.Log.info(Log.java:8)
	at com.hrms.utility.Log.info(Log.java:8)
	at com.hrms.utility.Log.info(Log.java:8)
	at com.hrms.utility.Log.info(Log.java:8)
	at com.hrms.utility.Log.info(Log.java:8)
	at com.hrms.utility.Log.info(Log.java:8)
	at com.hrms.utility.Log.info(Log.java:8)
	at com.hrms.utility.Log.info(Log.java:8)
	at com.hrms.utility.Log.info(Log.java:8)
	at com.hrms.utility.Log.info(Log.java:8)
	at com.hrms.utility.Log.info(Log.java:8)
	at com.hrms.utility.Log.info(Log.java:8)
	at com.hrms.utility.Log.info(Log.java:8)
	at com.hrms.utility.Log.info(Log.java:8)
	at com.hrms.utility.Log.info(Log.java:8)
	at com.hrms.utility.Log.info(Log.java:8)
	at com.hrms.utility.Log.info(Log.java:8)
	at com.hrms.utility.Log.info(Log.java:8)
	at com.hrms.utility.Log.info(Log.java:8)
	at com.hrms.utility.Log.info(Log.java:8)
	at com.hrms.utility.Log.info(Log.java:8)
	at com.hrms.utility.Log.info(Log.java:8)
	at com.hrms.utility.Log.info(Log.java:8)
	at com.hrms.utility.Log.info(Log.java:8)
	at com.hrms.utility.Log.info(Log.java:8)
	at com.hrms.utility.Log.info(Log.java:8)
	at com.hrms.utility.Log.info(Log.java:8)
	at com.hrms.utility.Log.info(Log.java:8)
	at com.hrms.utility.Log.info(Log.java:8)
	at com.hrms.utility.Log.info(Log.java:8)
	at com.hrms.utility.Log.info(Log.java:8)
	at com.hrms.utility.Log.info(Log.java:8)
	at com.hrms.utility.Log.info(Log.java:8)
	at com.hrms.utility.Log.info(Log.java:8)
	at com.hrms.utility.Log.info(Log.java:8)
	at com.hrms.utility.Log.info(Log.java:8)
	at com.hrms.utility.Log.info(Log.java:8)
	at com.hrms.utility.Log.info(Log.java:8)
	at com.hrms.utility.Log.info(Log.java:8)
	at com.hrms.utility.Log.info(Log.java:8)
	at com.hrms.utility.Log.info(Log.java:8)
	at com.hrms.utility.Log.info(Log.java:8)
	at com.hrms.utility.Log.info(Log.java:8)
	at com.hrms.utility.Log.info(Log.java:8)
	at com.hrms.utility.Log.info(Log.java:8)
	at com.hrms.utility.Log.info(Log.java:8)
	at com.hrms.utility.Log.info(Log.java:8)
	at com.hrms.utility.Log.info(Log.java:8)
	at com.hrms.utility.Log.info(Log.java:8)
	at com.hrms.utility.Log.info(Log.java:8)
	at com.hrms.utility.Log.info(Log.java:8)
	at com.hrms.utility.Log.info(Log.java:8)
	at com.hrms.utility.Log.info(Log.java:8)
	at com.hrms.utility.Log.info(Log.java:8)
	at com.hrms.utility.Log.info(Log.java:8)
	at com.hrms.utility.Log.info(Log.java:8)
	at com.hrms.utility.Log.info(Log.java:8)
	at com.hrms.utility.Log.info(Log.java:8)
	at com.hrms.utility.Log.info(Log.java:8)
	at com.hrms.utility.Log.info(Log.java:8)
	at com.hrms.utility.Log.info(Log.java:8)
	at com.hrms.utility.Log.info(Log.java:8)
	at com.hrms.utility.Log.info(Log.java:8)
	at com.hrms.utility.Log.info(Log.java:8)
	at com.hrms.utility.Log.info(Log.java:8)
	at com.hrms.utility.Log.info(Log.java:8)
	at com.hrms.utility.Log.info(Log.java:8)
	at com.hrms.utility.Log.info(Log.java:8)
	at com.hrms.utility.Log.info(Log.java:8)
	at com.hrms.utility.Log.info(Log.java:8)
	at com.hrms.utility.Log.info(Log.java:8)
	at com.hrms.utility.Log.info(Log.java:8)
	at com.hrms.utility.Log.info(Log.java:8)
	at com.hrms.utility.Log.info(Log.java:8)
	at com.hrms.utility.Log.info(Log.java:8)
	at com.hrms.utility.Log.info(Log.java:8)
	at com.hrms.utility.Log.info(Log.java:8)
	at com.hrms.utility.Log.info(Log.java:8)
	at com.hrms.utility.Log.info(Log.java:8)
	at com.hrms.utility.Log.info(Log.java:8)
	at com.hrms.utility.Log.info(Log.java:8)
	at com.hrms.utility.Log.info(Log.java:8)
	at com.hrms.utility.Log.info(Log.java:8)
	at com.hrms.utility.Log.info(Log.java:8)
	at com.hrms.utility.Log.info(Log.java:8)
	at com.hrms.utility.Log.info(Log.java:8)
	at com.hrms.utility.Log.info(Log.java:8)
	at com.hrms.utility.Log.info(Log.java:8)
	at com.hrms.utility.Log.info(Log.java:8)
	at com.hrms.utility.Log.info(Log.java:8)
	at com.hrms.utility.Log.info(Log.java:8)
	at com.hrms.utility.Log.info(Log.java:8)
	at com.hrms.utility.Log.info(Log.java:8)
	at com.hrms.utility.Log.info(Log.java:8)
	at com.hrms.utility.Log.info(Log.java:8)
	at com.hrms.utility.Log.info(Log.java:8)
	at com.hrms.utility.Log.info(Log.java:8)
	at com.hrms.utility.Log.info(Log.java:8)
	at com.hrms.utility.Log.info(Log.java:8)
	at com.hrms.utility.Log.info(Log.java:8)
	at com.hrms.utility.Log.info(Log.java:8)
	at com.hrms.utility.Log.info(Log.java:8)
	at com.hrms.utility.Log.info(Log.java:8)
	at com.hrms.utility.Log.info(Log.java:8)
	at com.hrms.utility.Log.info(Log.java:8)
	at com.hrms.utility.Log.info(Log.java:8)
	at com.hrms.utility.Log.info(Log.java:8)
	at com.hrms.utility.Log.info(Log.java:8)
	at com.hrms.utility.Log.info(Log.java:8)
	at com.hrms.utility.Log.info(Log.java:8)
	at com.hrms.utility.Log.info(Log.java:8)
	at com.hrms.utility.Log.info(Log.java:8)
	at com.hrms.utility.Log.info(Log.java:8)
	at com.hrms.utility.Log.info(Log.java:8)
	at com.hrms.utility.Log.info(Log.java:8)
	at com.hrms.utility.Log.info(Log.java:8)
	at com.hrms.utility.Log.info(Log.java:8)
	at com.hrms.utility.Log.info(Log.java:8)
	at com.hrms.utility.Log.info(Log.java:8)
	at com.hrms.utility.Log.info(Log.java:8)
	at com.hrms.utility.Log.info(Log.java:8)
	at com.hrms.utility.Log.info(Log.java:8)
	at com.hrms.utility.Log.info(Log.java:8)
	at com.hrms.utility.Log.info(Log.java:8)
	at com.hrms.utility.Log.info(Log.java:8)
	at com.hrms.utility.Log.info(Log.java:8)
	at com.hrms.utility.Log.info(Log.java:8)
	at com.hrms.utility.Log.info(Log.java:8)
	at com.hrms.utility.Log.info(Log.java:8)
	at com.hrms.utility.Log.info(Log.java:8)
	at com.hrms.utility.Log.info(Log.java:8)
	at com.hrms.utility.Log.info(Log.java:8)
	at com.hrms.utility.Log.info(Log.java:8)
	at com.hrms.utility.Log.info(Log.java:8)
	at com.hrms.utility.Log.info(Log.java:8)
	at com.hrms.utility.Log.info(Log.java:8)
	at com.hrms.utility.Log.info(Log.java:8)
	at com.hrms.utility.Log.info(Log.java:8)
	at com.hrms.utility.Log.info(Log.java:8)
	at com.hrms.utility.Log.info(Log.java:8)
	at com.hrms.utility.Log.info(Log.java:8)
	at com.hrms.utility.Log.info(Log.java:8)
	at com.hrms.utility.Log.info(Log.java:8)
	at com.hrms.utility.Log.info(Log.java:8)
	at com.hrms.utility.Log.info(Log.java:8)
	at com.hrms.utility.Log.info(Log.java:8)
	at com.hrms.utility.Log.info(Log.java:8)
	at com.hrms.utility.Log.info(Log.java:8)
	at com.hrms.utility.Log.info(Log.java:8)
	at com.hrms.utility.Log.info(Log.java:8)
	at com.hrms.utility.Log.info(Log.java:8)
	at com.hrms.utility.Log.info(Log.java:8)
	at com.hrms.utility.Log.info(Log.java:8)
	at com.hrms.utility.Log.info(Log.java:8)
	at com.hrms.utility.Log.info(Log.java:8)
	at com.hrms.utility.Log.info(Log.java:8)
	at com.hrms.utility.Log.info(Log.java:8)
	at com.hrms.utility.Log.info(Log.java:8)
	at com.hrms.utility.Log.info(Log.java:8)
	at com.hrms.utility.Log.info(Log.java:8)
	at com.hrms.utility.Log.info(Log.java:8)
	at com.hrms.utility.Log.info(Log.java:8)
	at com.hrms.utility.Log.info(Log.java:8)
	at com.hrms.utility.Log.info(Log.java:8)
	at com.hrms.utility.Log.info(Log.java:8)
	at com.hrms.utility.Log.info(Log.java:8)
	at com.hrms.utility.Log.info(Log.java:8)
	at com.hrms.utility.Log.info(Log.java:8)
	at com.hrms.utility.Log.info(Log.java:8)
	at com.hrms.utility.Log.info(Log.java:8)
	at com.hrms.utility.Log.info(Log.java:8)
	at com.hrms.utility.Log.info(Log.java:8)
	at com.hrms.utility.Log.info(Log.java:8)
	at com.hrms.utility.Log.info(Log.java:8)
	at com.hrms.utility.Log.info(Log.java:8)
	at com.hrms.utility.Log.info(Log.java:8)
	at com.hrms.utility.Log.info(Log.java:8)
	at com.hrms.utility.Log.info(Log.java:8)
	at com.hrms.utility.Log.info(Log.java:8)
	at com.hrms.utility.Log.info(Log.java:8)
	at com.hrms.utility.Log.info(Log.java:8)
	at com.hrms.utility.Log.info(Log.java:8)
	at com.hrms.utility.Log.info(Log.java:8)
	at com.hrms.utility.Log.info(Log.java:8)
	at com.hrms.utility.Log.info(Log.java:8)
	at com.hrms.utility.Log.info(Log.java:8)
	at com.hrms.utility.Log.info(Log.java:8)
	at com.hrms.utility.Log.info(Log.java:8)
	at com.hrms.utility.Log.info(Log.java:8)
	at com.hrms.utility.Log.info(Log.java:8)
	at com.hrms.utility.Log.info(Log.java:8)
	at com.hrms.utility.Log.info(Log.java:8)
	at com.hrms.utility.Log.info(Log.java:8)
	at com.hrms.utility.Log.info(Log.java:8)
	at com.hrms.utility.Log.info(Log.java:8)
	at com.hrms.utility.Log.info(Log.java:8)
	at com.hrms.utility.Log.info(Log.java:8)
	at com.hrms.utility.Log.info(Log.java:8)
	at com.hrms.utility.Log.info(Log.java:8)
	at com.hrms.utility.Log.info(Log.java:8)
	at com.hrms.utility.Log.info(Log.java:8)
	at com.hrms.utility.Log.info(Log.java:8)
	at com.hrms.utility.Log.info(Log.java:8)
	at com.hrms.utility.Log.info(Log.java:8)
	at com.hrms.utility.Log.info(Log.java:8)
	at com.hrms.utility.Log.info(Log.java:8)
	at com.hrms.utility.Log.info(Log.java:8)
	at com.hrms.utility.Log.info(Log.java:8)
	at com.hrms.utility.Log.info(Log.java:8)
	at com.hrms.utility.Log.info(Log.java:8)
	at com.hrms.utility.Log.info(Log.java:8)
	at com.hrms.utility.Log.info(Log.java:8)
	at com.hrms.utility.Log.info(Log.java:8)
	at com.hrms.utility.Log.info(Log.java:8)
	at com.hrms.utility.Log.info(Log.java:8)
	at com.hrms.utility.Log.info(Log.java:8)
	at com.hrms.utility.Log.info(Log.java:8)
	at com.hrms.utility.Log.info(Log.java:8)
	at com.hrms.utility.Log.info(Log.java:8)
	at com.hrms.utility.Log.info(Log.java:8)
	at com.hrms.utility.Log.info(Log.java:8)
	at com.hrms.utility.Log.info(Log.java:8)
	at com.hrms.utility.Log.info(Log.java:8)
	at com.hrms.utility.Log.info(Log.java:8)
	at com.hrms.utility.Log.info(Log.java:8)
	at com.hrms.utility.Log.info(Log.java:8)
	at com.hrms.utility.Log.info(Log.java:8)
	at com.hrms.utility.Log.info(Log.java:8)
	at com.hrms.utility.Log.info(Log.java:8)
	at com.hrms.utility.Log.info(Log.java:8)
	at com.hrms.utility.Log.info(Log.java:8)
	at com.hrms.utility.Log.info(Log.java:8)
	at com.hrms.utility.Log.info(Log.java:8)
	at com.hrms.utility.Log.info(Log.java:8)
	at com.hrms.utility.Log.info(Log.java:8)
	at com.hrms.utility.Log.info(Log.java:8)
	at com.hrms.utility.Log.info(Log.java:8)
	at com.hrms.utility.Log.info(Log.java:8)
	at com.hrms.utility.Log.info(Log.java:8)
	at com.hrms.utility.Log.info(Log.java:8)
	at com.hrms.utility.Log.info(Log.java:8)
	at com.hrms.utility.Log.info(Log.java:8)
	at com.hrms.utility.Log.info(Log.java:8)
	at com.hrms.utility.Log.info(Log.java:8)
	at com.hrms.utility.Log.info(Log.java:8)
	at com.hrms.utility.Log.info(Log.java:8)
	at com.hrms.utility.Log.info(Log.java:8)
	at com.hrms.utility.Log.info(Log.java:8)
	at com.hrms.utility.Log.info(Log.java:8)
	at com.hrms.utility.Log.info(Log.java:8)
	at com.hrms.utility.Log.info(Log.java:8)
	at com.hrms.utility.Log.info(Log.java:8)
	at com.hrms.utility.Log.info(Log.java:8)
	at com.hrms.utility.Log.info(Log.java:8)
	at com.hrms.utility.Log.info(Log.java:8)
	at com.hrms.utility.Log.info(Log.java:8)
	at com.hrms.utility.Log.info(Log.java:8)
	at com.hrms.utility.Log.info(Log.java:8)
	at com.hrms.utility.Log.info(Log.java:8)
	at com.hrms.utility.Log.info(Log.java:8)
	at com.hrms.utility.Log.info(Log.java:8)
	at com.hrms.utility.Log.info(Log.java:8)
	at com.hrms.utility.Log.info(Log.java:8)
	at com.hrms.utility.Log.info(Log.java:8)
	at com.hrms.utility.Log.info(Log.java:8)
	at com.hrms.utility.Log.info(Log.java:8)
	at com.hrms.utility.Log.info(Log.java:8)
	at com.hrms.utility.Log.info(Log.java:8)
	at com.hrms.utility.Log.info(Log.java:8)
	at com.hrms.utility.Log.info(Log.java:8)
	at com.hrms.utility.Log.info(Log.java:8)
	at com.hrms.utility.Log.info(Log.java:8)
	at com.hrms.utility.Log.info(Log.java:8)
	at com.hrms.utility.Log.info(Log.java:8)
	at com.hrms.utility.Log.info(Log.java:8)
	at com.hrms.utility.Log.info(Log.java:8)
	at com.hrms.utility.Log.info(Log.java:8)
	at com.hrms.utility.Log.info(Log.java:8)
	at com.hrms.utility.Log.info(Log.java:8)
	at com.hrms.utility.Log.info(Log.java:8)
	at com.hrms.utility.Log.info(Log.java:8)
	at com.hrms.utility.Log.info(Log.java:8)
	at com.hrms.utility.Log.info(Log.java:8)
	at com.hrms.utility.Log.info(Log.java:8)
	at com.hrms.utility.Log.info(Log.java:8)
	at com.hrms.utility.Log.info(Log.java:8)
	at com.hrms.utility.Log.info(Log.java:8)
	at com.hrms.utility.Log.info(Log.java:8)
	at com.hrms.utility.Log.info(Log.java:8)
	at com.hrms.utility.Log.info(Log.java:8)
	at com.hrms.utility.Log.info(Log.java:8)
	at com.hrms.utility.Log.info(Log.java:8)
	at com.hrms.utility.Log.info(Log.java:8)
	at com.hrms.utility.Log.info(Log.java:8)
	at com.hrms.utility.Log.info(Log.java:8)
	at com.hrms.utility.Log.info(Log.java:8)
	at com.hrms.utility.Log.info(Log.java:8)
	at com.hrms.utility.Log.info(Log.java:8)
	at com.hrms.utility.Log.info(Log.java:8)
	at com.hrms.utility.Log.info(Log.java:8)
	at com.hrms.utility.Log.info(Log.java:8)
	at com.hrms.utility.Log.info(Log.java:8)
	at com.hrms.utility.Log.info(Log.java:8)
	at com.hrms.utility.Log.info(Log.java:8)
	at com.hrms.utility.Log.info(Log.java:8)
	at com.hrms.utility.Log.info(Log.java:8)
	at com.hrms.utility.Log.info(Log.java:8)
	at com.hrms.utility.Log.info(Log.java:8)
	at com.hrms.utility.Log.info(Log.java:8)
	at com.hrms.utility.Log.info(Log.java:8)
	at com.hrms.utility.Log.info(Log.java:8)
	at com.hrms.utility.Log.info(Log.java:8)
	at com.hrms.utility.Log.info(Log.java:8)
	at com.hrms.utility.Log.info(Log.java:8)
	at com.hrms.utility.Log.info(Log.java:8)
	at com.hrms.utility.Log.info(Log.java:8)
	at com.hrms.utility.Log.info(Log.java:8)
	at com.hrms.utility.Log.info(Log.java:8)
	at com.hrms.utility.Log.info(Log.java:8)
	at com.hrms.utility.Log.info(Log.java:8)
	at com.hrms.utility.Log.info(Log.java:8)
	at com.hrms.utility.Log.info(Log.java:8)
	at com.hrms.utility.Log.info(Log.java:8)
	at com.hrms.utility.Log.info(Log.java:8)
	at com.hrms.utility.Log.info(Log.java:8)
	at com.hrms.utility.Log.info(Log.java:8)
	at com.hrms.utility.Log.info(Log.java:8)
	at com.hrms.utility.Log.info(Log.java:8)
	at com.hrms.utility.Log.info(Log.java:8)
	at com.hrms.utility.Log.info(Log.java:8)
	at com.hrms.utility.Log.info(Log.java:8)
	at com.hrms.utility.Log.info(Log.java:8)
	at com.hrms.utility.Log.info(Log.java:8)
	at com.hrms.utility.Log.info(Log.java:8)
	at com.hrms.utility.Log.info(Log.java:8)
	at com.hrms.utility.Log.info(Log.java:8)
	at com.hrms.utility.Log.info(Log.java:8)
	at com.hrms.utility.Log.info(Log.java:8)
	at com.hrms.utility.Log.info(Log.java:8)
	at com.hrms.utility.Log.info(Log.java:8)
	at com.hrms.utility.Log.info(Log.java:8)
	at com.hrms.utility.Log.info(Log.java:8)
	at com.hrms.utility.Log.info(Log.java:8)
	at com.hrms.utility.Log.info(Log.java:8)
	at com.hrms.utility.Log.info(Log.java:8)
	at com.hrms.utility.Log.info(Log.java:8)
	at com.hrms.utility.Log.info(Log.java:8)
	at com.hrms.utility.Log.info(Log.java:8)
	at com.hrms.utility.Log.info(Log.java:8)
	at com.hrms.utility.Log.info(Log.java:8)
	at com.hrms.utility.Log.info(Log.java:8)
	at com.hrms.utility.Log.info(Log.java:8)
	at com.hrms.utility.Log.info(Log.java:8)
	at com.hrms.utility.Log.info(Log.java:8)
	at com.hrms.utility.Log.info(Log.java:8)
	at com.hrms.utility.Log.info(Log.java:8)
	at com.hrms.utility.Log.info(Log.java:8)
	at com.hrms.utility.Log.info(Log.java:8)
	at com.hrms.utility.Log.info(Log.java:8)
	at com.hrms.utility.Log.info(Log.java:8)
	at com.hrms.utility.Log.info(Log.java:8)
	at com.hrms.utility.Log.info(Log.java:8)
	at com.hrms.utility.Log.info(Log.java:8)
	at com.hrms.utility.Log.info(Log.java:8)
	at com.hrms.utility.Log.info(Log.java:8)
	at com.hrms.utility.Log.info(Log.java:8)
	at com.hrms.utility.Log.info(Log.java:8)
	at com.hrms.utility.Log.info(Log.java:8)
	at com.hrms.utility.Log.info(Log.java:8)
	at com.hrms.utility.Log.info(Log.java:8)
	at com.hrms.utility.Log.info(Log.java:8)
	at com.hrms.utility.Log.info(Log.java:8)
	at com.hrms.utility.Log.info(Log.java:8)
	at com.hrms.utility.Log.info(Log.java:8)
	at com.hrms.utility.Log.info(Log.java:8)
	at com.hrms.utility.Log.info(Log.java:8)
	at com.hrms.utility.Log.info(Log.java:8)
	at com.hrms.utility.Log.info(Log.java:8)
	at com.hrms.utility.Log.info(Log.java:8)
	at com.hrms.utility.Log.info(Log.java:8)
	at com.hrms.utility.Log.info(Log.java:8)
	at com.hrms.utility.Log.info(Log.java:8)
	at com.hrms.utility.Log.info(Log.java:8)
	at com.hrms.utility.Log.info(Log.java:8)
	at com.hrms.utility.Log.info(Log.java:8)
	at com.hrms.utility.Log.info(Log.java:8)
	at com.hrms.utility.Log.info(Log.java:8)
	at com.hrms.utility.Log.info(Log.java:8)
	at com.hrms.utility.Log.info(Log.java:8)
	at com.hrms.utility.Log.info(Log.java:8)
	at com.hrms.utility.Log.info(Log.java:8)
	at com.hrms.utility.Log.info(Log.java:8)
	at com.hrms.utility.Log.info(Log.java:8)
	at com.hrms.utility.Log.info(Log.java:8)
	at com.hrms.utility.Log.info(Log.java:8)
	at com.hrms.utility.Log.info(Log.java:8)
	at com.hrms.utility.Log.info(Log.java:8)
	at com.hrms.utility.Log.info(Log.java:8)
	at com.hrms.utility.Log.info(Log.java:8)
	at com.hrms.utility.Log.info(Log.java:8)
	at com.hrms.utility.Log.info(Log.java:8)
	at com.hrms.utility.Log.info(Log.java:8)
	at com.hrms.utility.Log.info(Log.java:8)
	at com.hrms.utility.Log.info(Log.java:8)
	at com.hrms.utility.Log.info(Log.java:8)
	at com.hrms.utility.Log.info(Log.java:8)
	at com.hrms.utility.Log.info(Log.java:8)
	at com.hrms.utility.Log.info(Log.java:8)
	at com.hrms.utility.Log.info(Log.java:8)
	at com.hrms.utility.Log.info(Log.java:8)
	at com.hrms.utility.Log.info(Log.java:8)
	at com.hrms.utility.Log.info(Log.java:8)
	at com.hrms.utility.Log.info(Log.java:8)
	at com.hrms.utility.Log.info(Log.java:8)
	at com.hrms.utility.Log.info(Log.java:8)
	at com.hrms.utility.Log.info(Log.java:8)
	at com.hrms.utility.Log.info(Log.java:8)
	at com.hrms.utility.Log.info(Log.java:8)
	at com.hrms.utility.Log.info(Log.java:8)
	at com.hrms.utility.Log.info(Log.java:8)
	at com.hrms.utility.Log.info(Log.java:8)
	at com.hrms.utility.Log.info(Log.java:8)
	at com.hrms.utility.Log.info(Log.java:8)
	at com.hrms.utility.Log.info(Log.java:8)
	at com.hrms.utility.Log.info(Log.java:8)
	at com.hrms.utility.Log.info(Log.java:8)
	at com.hrms.utility.Log.info(Log.java:8)
	at com.hrms.utility.Log.info(Log.java:8)
	at com.hrms.utility.Log.info(Log.java:8)
	at com.hrms.utility.Log.info(Log.java:8)
	at com.hrms.utility.Log.info(Log.java:8)
	at com.hrms.utility.Log.info(Log.java:8)
	at com.hrms.utility.Log.info(Log.java:8)
	at com.hrms.utility.Log.info(Log.java:8)
	at com.hrms.utility.Log.info(Log.java:8)
	at com.hrms.utility.Log.info(Log.java:8)
	at com.hrms.utility.Log.info(Log.java:8)
	at com.hrms.utility.Log.info(Log.java:8)
	at com.hrms.utility.Log.info(Log.java:8)
	at com.hrms.utility.Log.info(Log.java:8)
	at com.hrms.utility.Log.info(Log.java:8)
	at com.hrms.utility.Log.info(Log.java:8)
	at com.hrms.utility.Log.info(Log.java:8)
	at com.hrms.utility.Log.info(Log.java:8)
	at com.hrms.utility.Log.info(Log.java:8)
	at com.hrms.utility.Log.info(Log.java:8)
	at com.hrms.utility.Log.info(Log.java:8)
	at com.hrms.utility.Log.info(Log.java:8)
	at com.hrms.utility.Log.info(Log.java:8)
	at com.hrms.utility.Log.info(Log.java:8)
	at com.hrms.utility.Log.info(Log.java:8)
]]>
    </failure>
  </testcase> <!-- edit -->
</testsuite> <!-- ORMS_As_suite -->
