<?xml version="1.0" encoding="UTF-8"?>
<!-- Generated by org.testng.reporters.JUnitXMLReporter -->
<testsuite hostname="LAPTOP-5COFNKBT" failures="0" tests="4" name="HrmsExcecution" time="73.972" errors="0" timestamp="29 Mar 2024 11:42:05 GMT">
  <testcase classname="com.hrms.as.TC001_Login_Logout" name="TC01" time="9.89"/>
  <testcase classname="com.hrms.as.TC002_AddEmployee" name="TC002" time="25.867"/>
  <testcase classname="com.hrms.as.TC003_DeleteEmployee" name="TC03" time="11.387"/>
  <testcase classname="com.hrms.as.TC004_EditEmployee" name="TC04" time="26.779"/>
</testsuite> <!-- HrmsExcecution -->
