<?xml version="1.0" encoding="UTF-8"?>
<!-- Generated by org.testng.reporters.JUnitXMLReporter -->
<testsuite hostname="LAPTOP-5COFNKBT" failures="0" tests="5" name="HrmsExcecution1" time="80.896" errors="0" timestamp="30 Mar 2024 13:20:37 GMT">
  <testcase classname="com.hrms.as.TC001_Login_Logout" name="TC01" time="11.241"/>
  <testcase classname="com.hrms.as.TC002_AddEmployee" name="TC002" time="30.361"/>
  <testcase classname="com.hrms.as.TC003_DeleteEmployee" name="TC03" time="8.298"/>
  <testcase classname="com.hrms.as.TC004_EditEmployee" name="TC04" time="17.151"/>
  <testcase classname="com.hrms.as.TC005_AddCompanyLocation" name="TC05" time="13.811"/>
</testsuite> <!-- HrmsExcecution1 -->
