<?xml version="1.0" encoding="UTF-8"?>
<testng-results total="1" passed="1" failed="0" skipped="0">
  <reporter-output>
  </reporter-output>
  <suite started-at="2023-12-23T18:12:28Z" name="Default suite" finished-at="2023-12-23T18:12:51Z" duration-ms="23910">
    <groups>
    </groups>
    <test started-at="2023-12-23T18:12:28Z" name="Default test" finished-at="2023-12-23T18:12:51Z" duration-ms="23910">
      <class name="com.nt.Testscripts.TC001_Login_Logout">
        <test-method signature="TC001()[pri:0, instance:com.nt.Testscripts.TC001_Login_Logout@6c1a5b54]" started-at="2023-12-23T23:42:28Z" name="TC001" finished-at="2023-12-23T23:42:51Z" duration-ms="23880" status="PASS">
          <reporter-output>
          </reporter-output>
        </test-method> <!-- TC001 -->
      </class> <!-- com.nt.Testscripts.TC001_Login_Logout -->
    </test> <!-- Default test -->
  </suite> <!-- Default suite -->
</testng-results>
